[2022-6-26 21:33:46][file:hashmap.c,function:print_hashtable,line:156] [34]  key=34  value=1,  stat=1
[2022-6-26 21:34:43][file:explode.c,function:main,line:14] size_t = 8
[2022-6-26 21:34:43][file:explode.c,function:main,line:15] uint64_t = 8
[2022-6-26 21:34:43][file:explode.c,function:main,line:16] uint16_t = 2
[2022-6-26 21:34:43][file:explode.c,function:main,line:17] uint8_t = 1
[2022-6-26 21:34:43][file:explode.c,function:main,line:18] uint32_t = 4
[2022-6-26 21:34:43][file:explode.c,function:main,line:19] int  = 4
[2022-6-26 21:34:43][file:explode.c,function:main,line:20] long = 8
[2022-6-26 21:34:43][file:explode.c,function:main,line:21] char = 1
[2022-6-26 21:34:43][file:explode.c,function:main,line:22] float = 4
[2022-6-26 21:34:43][file:explode.c,function:main,line:23] long long  = 8
[2022-6-26 21:34:44][file:list.c,function:print_list,line:38] list info:1	23	23	43	

[2022-6-26 21:34:44][file:sqlite.c,function:sqlite3_main,line:67] 
[2022-6-26 21:34:44][file:sqlite.c,function:sqlite3_main,line:67] 
[2022-6-26 21:34:44][file:sqlite.c,function:sqlite3_main,line:67] 
[2022-6-26 21:34:44][file:sqlite.c,function:get_table_cb,line:10] name:[version]:value[0.0.2]
[2022-6-26 21:34:44][file:sqlite.c,function:get_table_cb,line:10] name:[name]:value[expolde]
[2022-6-26 21:34:44][file:sqlite.c,function:get_table_cb,line:10] name:[time]:value[2022-06-26]
[2022-6-26 21:34:43][file:hashmap.c,function:hashmap_main,line:170] The hash size :3
[2022-6-26 21:34:43][file:hashmap.c,function:print_hashtable,line:150] ------------------------HASH_TABLE__________________________
[2022-6-26 21:34:43][file:hashmap.c,function:print_hashtable,line:156] [1]  key=1  value=1,  stat=1
[2022-6-26 21:34:43][file:hashmap.c,function:print_hashtable,line:156] [2]  key=2  value=2,  stat=1
[2022-6-26 21:34:43][file:hashmap.c,function:print_hashtable,line:156] [34]  key=34  value=1,  stat=1
[2022-6-26 21:35:26][file:explode.c,function:main,line:14] size_t = 8
[2022-6-26 21:35:26][file:explode.c,function:main,line:15] uint64_t = 8
[2022-6-26 21:35:26][file:explode.c,function:main,line:16] uint16_t = 2
[2022-6-26 21:35:26][file:explode.c,function:main,line:17] uint8_t = 1
[2022-6-26 21:35:26][file:explode.c,function:main,line:18] uint32_t = 4
[2022-6-26 21:35:26][file:explode.c,function:main,line:19] int  = 4
[2022-6-26 21:35:26][file:explode.c,function:main,line:20] long = 8
[2022-6-26 21:35:26][file:explode.c,function:main,line:21] char = 1
[2022-6-26 21:35:26][file:explode.c,function:main,line:22] float = 4
[2022-6-26 21:35:26][file:explode.c,function:main,line:23] long long  = 8
[2022-6-26 21:35:26][file:list.c,function:print_list,line:38] list info:1	23	23	43	
[2022-6-26 21:35:26][file:sqlite.c,function:sqlite3_main,line:67] 
[2022-6-26 21:35:26][file:sqlite.c,function:sqlite3_main,line:67] 
[2022-6-26 21:35:26][file:sqlite.c,function:sqlite3_main,line:67] 
[2022-6-26 21:35:26][file:sqlite.c,function:get_table_cb,line:10] name:[version]:value[0.0.2]
[2022-6-26 21:35:26][file:sqlite.c,function:get_table_cb,line:10] name:[name]:value[expolde]
[2022-6-26 21:35:26][file:sqlite.c,function:get_table_cb,line:10] name:[time]:value[2022-06-26]
[2022-6-26 21:35:26][file:hashmap.c,function:hashmap_main,line:170] The hash size :3
[2022-6-26 21:35:26][file:hashmap.c,function:print_hashtable,line:150] ------------------------HASH_TABLE__________________________
[2022-6-26 21:35:26][file:hashmap.c,function:print_hashtable,line:156] [1]  key=1  value=1,  stat=1
[2022-6-26 21:35:26][file:hashmap.c,function:print_hashtable,line:156] [2]  key=2  value=2,  stat=1
[2022-6-26 21:35:26][file:hashmap.c,function:print_hashtable,line:156] [34]  key=34  value=1,  stat=1
[2022-6-27 20:09:48][file:explode.c,function:main,line:15] size_t = 8
[2022-6-27 20:09:48][file:explode.c,function:main,line:16] uint64_t = 8
[2022-6-27 20:09:48][file:explode.c,function:main,line:17] uint16_t = 2
[2022-6-27 20:09:48][file:explode.c,function:main,line:18] uint8_t = 1
[2022-6-27 20:09:48][file:explode.c,function:main,line:19] uint32_t = 4
[2022-6-27 20:09:48][file:explode.c,function:main,line:20] int  = 4
[2022-6-27 20:09:48][file:explode.c,function:main,line:21] long = 8
[2022-6-27 20:09:48][file:explode.c,function:main,line:22] char = 1
[2022-6-27 20:09:48][file:explode.c,function:main,line:23] float = 4
[2022-6-27 20:09:48][file:explode.c,function:main,line:24] long long  = 8
[2022-6-27 20:09:48][file:list.c,function:print_list,line:38] list info:1	23	23	43	
[2022-6-27 20:09:48][file:sqlite.c,function:sqlite3_main,line:67] 
[2022-6-27 20:09:48][file:sqlite.c,function:sqlite3_main,line:67] 
[2022-6-27 20:09:48][file:sqlite.c,function:sqlite3_main,line:67] 
[2022-6-27 20:09:48][file:sqlite.c,function:get_table_cb,line:10] name:[version]:value[0.0.2]
[2022-6-27 20:09:48][file:sqlite.c,function:get_table_cb,line:10] name:[name]:value[expolde]
[2022-6-27 20:09:48][file:sqlite.c,function:get_table_cb,line:10] name:[time]:value[2022-06-26]
[2022-6-27 20:09:48][file:hashmap.c,function:hashmap_main,line:170] The hash size :3
[2022-6-27 20:09:48][file:hashmap.c,function:print_hashtable,line:150] ------------------------HASH_TABLE__________________________
[2022-6-27 20:09:48][file:hashmap.c,function:print_hashtable,line:156] [1]  key=1  value=1,  stat=1
[2022-6-27 20:09:48][file:hashmap.c,function:print_hashtable,line:156] [2]  key=2  value=2,  stat=1
[2022-6-27 20:09:48][file:hashmap.c,function:print_hashtable,line:156] [34]  key=34  value=1,  stat=1
[2022-6-27 20:09:48][file:explode.c,function:main,line:36] [2022-6-27 20:09:48]
[2022-6-27 20:17:29][file:/home/parallels/workspace/explode/explode.c,function:main,line:15] size_t = 8
[2022-6-27 20:17:29][file:/home/parallels/workspace/explode/explode.c,function:main,line:16] uint64_t = 8
[2022-6-27 20:17:29][file:/home/parallels/workspace/explode/explode.c,function:main,line:17] uint16_t = 2
[2022-6-27 20:17:29][file:/home/parallels/workspace/explode/explode.c,function:main,line:18] uint8_t = 1
[2022-6-27 20:17:29][file:/home/parallels/workspace/explode/explode.c,function:main,line:19] uint32_t = 4
[2022-6-27 20:17:29][file:/home/parallels/workspace/explode/explode.c,function:main,line:20] int  = 4
[2022-6-27 20:17:29][file:/home/parallels/workspace/explode/explode.c,function:main,line:21] long = 8
[2022-6-27 20:17:29][file:/home/parallels/workspace/explode/explode.c,function:main,line:22] char = 1
[2022-6-27 20:17:29][file:/home/parallels/workspace/explode/explode.c,function:main,line:23] float = 4
[2022-6-27 20:17:29][file:/home/parallels/workspace/explode/explode.c,function:main,line:24] long long  = 8
[2022-6-27 20:17:29][file:/home/parallels/workspace/explode/list.c,function:print_list,line:38] list info:1	23	23	43	
[2022-6-27 20:17:29][file:/home/parallels/workspace/explode/explode.c,function:main,line:15] size_t = 8
[2022-6-27 20:17:29][file:/home/parallels/workspace/explode/explode.c,function:main,line:16] uint64_t = 8
[2022-6-27 20:17:29][file:/home/parallels/workspace/explode/explode.c,function:main,line:17] uint16_t = 2
[2022-6-27 20:17:29][file:/home/parallels/workspace/explode/explode.c,function:main,line:18] uint8_t = 1
[2022-6-27 20:17:29][file:/home/parallels/workspace/explode/explode.c,function:main,line:19] uint32_t = 4
[2022-6-27 20:17:29][file:/home/parallels/workspace/explode/explode.c,function:main,line:20] int  = 4
[2022-6-27 20:17:29][file:/home/parallels/workspace/explode/explode.c,function:main,line:21] long = 8
[2022-6-27 20:17:29][file:/home/parallels/workspace/explode/explode.c,function:main,line:22] char = 1
[2022-6-27 20:17:29][file:/home/parallels/workspace/explode/explode.c,function:main,line:23] float = 4
[2022-6-27 20:17:29][file:/home/parallels/workspace/explode/explode.c,function:main,line:24] long long  = 8
[2022-6-27 20:17:29][file:/home/parallels/workspace/explode/list.c,function:print_list,line:38] list info:1	23	23	43	
[2022-6-27 20:17:29][file:/home/parallels/workspace/explode/sqlite.c,function:sqlite3_main,line:67] 
[2022-6-27 20:17:29][file:/home/parallels/workspace/explode/sqlite.c,function:sqlite3_main,line:67] 
[2022-6-27 20:17:29][file:/home/parallels/workspace/explode/sqlite.c,function:sqlite3_main,line:67] 
[2022-6-27 20:17:29][file:/home/parallels/workspace/explode/sqlite.c,function:get_table_cb,line:10] name:[version]:value[0.0.2]
[2022-6-27 20:17:29][file:/home/parallels/workspace/explode/sqlite.c,function:get_table_cb,line:10] name:[name]:value[expolde]
[2022-6-27 20:17:29][file:/home/parallels/workspace/explode/sqlite.c,function:get_table_cb,line:10] name:[time]:value[2022-06-26]
[2022-6-27 20:17:29][file:/home/parallels/workspace/explode/hashmap.c,function:hashmap_main,line:170] The hash size :3
[2022-6-27 20:17:29][file:/home/parallels/workspace/explode/hashmap.c,function:print_hashtable,line:150] ------------------------HASH_TABLE__________________________
[2022-6-27 20:17:29][file:/home/parallels/workspace/explode/hashmap.c,function:print_hashtable,line:156] [1]  key=1  value=1,  stat=1
[2022-6-27 20:17:29][file:/home/parallels/workspace/explode/hashmap.c,function:print_hashtable,line:156] [2]  key=2  value=2,  stat=1
[2022-6-27 20:17:29][file:/home/parallels/workspace/explode/hashmap.c,function:print_hashtable,line:156] [34]  key=34  value=1,  stat=1
[2022-6-27 20:17:29][file:/home/parallels/workspace/explode/explode.c,function:main,line:36] [2022-6-27 20:17:29]
[2022-6-27 20:17:29][file:/home/parallels/workspace/explode/explode.c,function:main,line:15] size_t = 8
[2022-6-27 20:17:29][file:/home/parallels/workspace/explode/explode.c,function:main,line:16] uint64_t = 8
[2022-6-27 20:17:29][file:/home/parallels/workspace/explode/explode.c,function:main,line:17] uint16_t = 2
[2022-6-27 20:17:29][file:/home/parallels/workspace/explode/explode.c,function:main,line:18] uint8_t = 1
[2022-6-27 20:17:29][file:/home/parallels/workspace/explode/explode.c,function:main,line:19] uint32_t = 4
[2022-6-27 20:17:29][file:/home/parallels/workspace/explode/explode.c,function:main,line:20] int  = 4
[2022-6-27 20:17:29][file:/home/parallels/workspace/explode/explode.c,function:main,line:21] long = 8
[2022-6-27 20:17:29][file:/home/parallels/workspace/explode/explode.c,function:main,line:22] char = 1
[2022-6-27 20:17:29][file:/home/parallels/workspace/explode/explode.c,function:main,line:23] float = 4
[2022-6-27 20:17:29][file:/home/parallels/workspace/explode/explode.c,function:main,line:24] long long  = 8
[2022-6-27 20:17:29][file:/home/parallels/workspace/explode/list.c,function:print_list,line:38] list info:1	23	23	43	
[2022-6-27 20:17:29][file:/home/parallels/workspace/explode/sqlite.c,function:sqlite3_main,line:67] 
[2022-6-27 20:17:29][file:/home/parallels/workspace/explode/sqlite.c,function:sqlite3_main,line:67] 
[2022-6-27 20:17:29][file:/home/parallels/workspace/explode/sqlite.c,function:sqlite3_main,line:67] 
[2022-6-27 20:17:29][file:/home/parallels/workspace/explode/sqlite.c,function:get_table_cb,line:10] name:[version]:value[0.0.2]
[2022-6-27 20:17:29][file:/home/parallels/workspace/explode/sqlite.c,function:get_table_cb,line:10] name:[name]:value[expolde]
[2022-6-27 20:17:29][file:/home/parallels/workspace/explode/sqlite.c,function:get_table_cb,line:10] name:[time]:value[2022-06-26]
[2022-6-27 20:17:29][file:/home/parallels/workspace/explode/hashmap.c,function:hashmap_main,line:170] The hash size :3
[2022-6-27 20:17:29][file:/home/parallels/workspace/explode/hashmap.c,function:print_hashtable,line:150] ------------------------HASH_TABLE__________________________
[2022-6-27 20:17:29][file:/home/parallels/workspace/explode/hashmap.c,function:print_hashtable,line:156] [1]  key=1  value=1,  stat=1
[2022-6-27 20:17:29][file:/home/parallels/workspace/explode/hashmap.c,function:print_hashtable,line:156] [2]  key=2  value=2,  stat=1
[2022-6-27 20:17:29][file:/home/parallels/workspace/explode/hashmap.c,function:print_hashtable,line:156] [34]  key=34  value=1,  stat=1
[2022-6-27 20:17:29][file:/home/parallels/workspace/explode/explode.c,function:main,line:36] [2022-6-27 20:17:29]
[2022-6-27 20:17:29][file:/home/parallels/workspace/explode/explode.c,function:main,line:15] size_t = 8
[2022-6-27 20:17:29][file:/home/parallels/workspace/explode/explode.c,function:main,line:16] uint64_t = 8
[2022-6-27 20:17:29][file:/home/parallels/workspace/explode/explode.c,function:main,line:17] uint16_t = 2
[2022-6-27 20:17:29][file:/home/parallels/workspace/explode/explode.c,function:main,line:18] uint8_t = 1
[2022-6-27 20:17:29][file:/home/parallels/workspace/explode/explode.c,function:main,line:19] uint32_t = 4
[2022-6-27 20:17:29][file:/home/parallels/workspace/explode/explode.c,function:main,line:20] int  = 4
[2022-6-27 20:17:29][file:/home/parallels/workspace/explode/explode.c,function:main,line:21] long = 8
[2022-6-27 20:17:29][file:/home/parallels/workspace/explode/explode.c,function:main,line:22] char = 1
[2022-6-27 20:17:29][file:/home/parallels/workspace/explode/explode.c,function:main,line:23] float = 4
[2022-6-27 20:17:29][file:/home/parallels/workspace/explode/explode.c,function:main,line:24] long long  = 8
[2022-6-27 20:17:29][file:/home/parallels/workspace/explode/list.c,function:print_list,line:38] list info:1	23	23	43	
[2022-6-27 20:17:29][file:/home/parallels/workspace/explode/sqlite.c,function:sqlite3_main,line:67] 
[2022-6-27 20:17:29][file:/home/parallels/workspace/explode/sqlite.c,function:sqlite3_main,line:67] 
[2022-6-27 20:17:29][file:/home/parallels/workspace/explode/sqlite.c,function:sqlite3_main,line:67] 
[2022-6-27 20:17:29][file:/home/parallels/workspace/explode/sqlite.c,function:get_table_cb,line:10] name:[version]:value[0.0.2]
[2022-6-27 20:17:29][file:/home/parallels/workspace/explode/sqlite.c,function:get_table_cb,line:10] name:[name]:value[expolde]
[2022-6-27 20:17:29][file:/home/parallels/workspace/explode/sqlite.c,function:get_table_cb,line:10] name:[time]:value[2022-06-26]
[2022-6-27 20:17:29][file:/home/parallels/workspace/explode/hashmap.c,function:hashmap_main,line:170] The hash size :3
[2022-6-27 20:17:29][file:/home/parallels/workspace/explode/hashmap.c,function:print_hashtable,line:150] ------------------------HASH_TABLE__________________________
[2022-6-27 20:17:29][file:/home/parallels/workspace/explode/hashmap.c,function:print_hashtable,line:156] [1]  key=1  value=1,  stat=1
[2022-6-27 20:17:29][file:/home/parallels/workspace/explode/hashmap.c,function:print_hashtable,line:156] [2]  key=2  value=2,  stat=1
[2022-6-27 20:17:29][file:/home/parallels/workspace/explode/hashmap.c,function:print_hashtable,line:156] [34]  key=34  value=1,  stat=1
[2022-6-27 20:17:29][file:/home/parallels/workspace/explode/explode.c,function:main,line:36] [2022-6-27 20:17:29]
[2022-6-27 20:17:29][file:/home/parallels/workspace/explode/explode.c,function:main,line:15] size_t = 8
[2022-6-27 20:17:29][file:/home/parallels/workspace/explode/explode.c,function:main,line:16] uint64_t = 8
[2022-6-27 20:17:29][file:/home/parallels/workspace/explode/explode.c,function:main,line:17] uint16_t = 2
[2022-6-27 20:17:29][file:/home/parallels/workspace/explode/explode.c,function:main,line:18] uint8_t = 1
[2022-6-27 20:17:29][file:/home/parallels/workspace/explode/explode.c,function:main,line:19] uint32_t = 4
[2022-6-27 20:17:29][file:/home/parallels/workspace/explode/explode.c,function:main,line:20] int  = 4
[2022-6-27 20:17:29][file:/home/parallels/workspace/explode/explode.c,function:main,line:21] long = 8
[2022-6-27 20:17:29][file:/home/parallels/workspace/explode/explode.c,function:main,line:22] char = 1
[2022-6-27 20:17:29][file:/home/parallels/workspace/explode/explode.c,function:main,line:23] float = 4
[2022-6-27 20:17:29][file:/home/parallels/workspace/explode/explode.c,function:main,line:24] long long  = 8
[2022-6-27 20:17:29][file:/home/parallels/workspace/explode/list.c,function:print_list,line:38] list info:1	23	23	43	
[2022-6-27 20:17:29][file:/home/parallels/workspace/explode/sqlite.c,function:sqlite3_main,line:67] 
[2022-6-27 20:17:29][file:/home/parallels/workspace/explode/sqlite.c,function:sqlite3_main,line:67] 
[2022-6-27 20:17:29][file:/home/parallels/workspace/explode/sqlite.c,function:sqlite3_main,line:67] 
[2022-6-27 20:17:29][file:/home/parallels/workspace/explode/sqlite.c,function:get_table_cb,line:10] name:[version]:value[0.0.2]
[2022-6-27 20:17:29][file:/home/parallels/workspace/explode/sqlite.c,function:get_table_cb,line:10] name:[name]:value[expolde]
[2022-6-27 20:17:29][file:/home/parallels/workspace/explode/sqlite.c,function:get_table_cb,line:10] name:[time]:value[2022-06-26]
[2022-6-27 20:17:29][file:/home/parallels/workspace/explode/hashmap.c,function:hashmap_main,line:170] The hash size :3
[2022-6-27 20:17:29][file:/home/parallels/workspace/explode/hashmap.c,function:print_hashtable,line:150] ------------------------HASH_TABLE__________________________
[2022-6-27 20:17:29][file:/home/parallels/workspace/explode/hashmap.c,function:print_hashtable,line:156] [1]  key=1  value=1,  stat=1
[2022-6-27 20:17:29][file:/home/parallels/workspace/explode/hashmap.c,function:print_hashtable,line:156] [2]  key=2  value=2,  stat=1
[2022-6-27 20:17:29][file:/home/parallels/workspace/explode/hashmap.c,function:print_hashtable,line:156] [34]  key=34  value=1,  stat=1
[2022-6-27 20:17:29][file:/home/parallels/workspace/explode/explode.c,function:main,line:36] [2022-6-27 20:17:29]
[2022-6-27 20:19:33][file:explode.c,function:main,line:15] size_t = 8
[2022-6-27 20:19:33][file:explode.c,function:main,line:16] uint64_t = 8
[2022-6-27 20:19:33][file:explode.c,function:main,line:17] uint16_t = 2
[2022-6-27 20:19:33][file:explode.c,function:main,line:18] uint8_t = 1
[2022-6-27 20:19:33][file:explode.c,function:main,line:19] uint32_t = 4
[2022-6-27 20:19:33][file:explode.c,function:main,line:20] int  = 4
[2022-6-27 20:19:33][file:explode.c,function:main,line:21] long = 8
[2022-6-27 20:19:33][file:explode.c,function:main,line:22] char = 1
[2022-6-27 20:19:33][file:explode.c,function:main,line:23] float = 4
[2022-6-27 20:19:33][file:explode.c,function:main,line:24] long long  = 8
[2022-6-27 20:19:34][file:list.c,function:print_list,line:38] list info:1	23	23	43	
[2022-6-27 20:19:34][file:sqlite.c,function:sqlite3_main,line:67] 
[2022-6-27 20:19:34][file:sqlite.c,function:sqlite3_main,line:67] 
[2022-6-27 20:19:34][file:sqlite.c,function:sqlite3_main,line:67] 
[2022-6-27 20:19:34][file:sqlite.c,function:get_table_cb,line:10] name:[version]:value[0.0.2]
[2022-6-27 20:19:34][file:sqlite.c,function:get_table_cb,line:10] name:[name]:value[expolde]
[2022-6-27 20:19:34][file:sqlite.c,function:get_table_cb,line:10] name:[time]:value[2022-06-26]
[2022-6-27 20:19:33][file:hashmap.c,function:hashmap_main,line:170] The hash size :3
[2022-6-27 20:19:33][file:hashmap.c,function:print_hashtable,line:150] ------------------------HASH_TABLE__________________________
[2022-6-27 20:19:33][file:hashmap.c,function:print_hashtable,line:156] [1]  key=1  value=1,  stat=1
[2022-6-27 20:19:33][file:hashmap.c,function:print_hashtable,line:156] [2]  key=2  value=2,  stat=1
[2022-6-27 20:19:33][file:hashmap.c,function:print_hashtable,line:156] [34]  key=34  value=1,  stat=1
[2022-6-27 20:19:33][file:explode.c,function:main,line:36] [2022-6-27 20:19:33]
[2022-6-27 20:19:33][file:explode.c,function:main,line:15] size_t = 8
[2022-6-27 20:19:33][file:explode.c,function:main,line:16] uint64_t = 8
[2022-6-27 20:19:33][file:explode.c,function:main,line:17] uint16_t = 2
[2022-6-27 20:19:33][file:explode.c,function:main,line:18] uint8_t = 1
[2022-6-27 20:19:33][file:explode.c,function:main,line:19] uint32_t = 4
[2022-6-27 20:19:33][file:explode.c,function:main,line:20] int  = 4
[2022-6-27 20:19:33][file:explode.c,function:main,line:21] long = 8
[2022-6-27 20:19:33][file:explode.c,function:main,line:22] char = 1
[2022-6-27 20:19:33][file:explode.c,function:main,line:23] float = 4
[2022-6-27 20:19:33][file:explode.c,function:main,line:24] long long  = 8
[2022-6-27 20:19:34][file:list.c,function:print_list,line:38] list info:1	23	23	43	
[2022-6-27 20:19:34][file:sqlite.c,function:sqlite3_main,line:67] 
[2022-6-27 20:19:34][file:sqlite.c,function:sqlite3_main,line:67] 
[2022-6-27 20:19:34][file:sqlite.c,function:sqlite3_main,line:67] 
[2022-6-27 20:19:34][file:sqlite.c,function:get_table_cb,line:10] name:[version]:value[0.0.2]
[2022-6-27 20:19:34][file:sqlite.c,function:get_table_cb,line:10] name:[name]:value[expolde]
[2022-6-27 20:19:34][file:sqlite.c,function:get_table_cb,line:10] name:[time]:value[2022-06-26]
[2022-6-27 20:19:33][file:hashmap.c,function:hashmap_main,line:170] The hash size :3
[2022-6-27 20:19:33][file:hashmap.c,function:print_hashtable,line:150] ------------------------HASH_TABLE__________________________
[2022-6-27 20:19:33][file:hashmap.c,function:print_hashtable,line:156] [1]  key=1  value=1,  stat=1
[2022-6-27 20:19:33][file:hashmap.c,function:print_hashtable,line:156] [2]  key=2  value=2,  stat=1
[2022-6-27 20:19:33][file:hashmap.c,function:print_hashtable,line:156] [34]  key=34  value=1,  stat=1
[2022-6-27 20:19:33][file:explode.c,function:main,line:36] [2022-6-27 20:19:33]
[2022-6-27 23:43:30][file:explode.c,function:main,line:15] size_t = 8
[2022-6-27 23:43:30][file:explode.c,function:main,line:16] uint64_t = 8
[2022-6-27 23:43:30][file:explode.c,function:main,line:17] uint16_t = 2
[2022-6-27 23:43:30][file:explode.c,function:main,line:18] uint8_t = 1
[2022-6-27 23:43:30][file:explode.c,function:main,line:19] uint32_t = 4
[2022-6-27 23:43:30][file:explode.c,function:main,line:20] int  = 4
[2022-6-27 23:43:30][file:explode.c,function:main,line:21] long = 8
[2022-6-27 23:43:30][file:explode.c,function:main,line:22] char = 1
[2022-6-27 23:43:30][file:explode.c,function:main,line:23] float = 4
[2022-6-27 23:43:30][file:explode.c,function:main,line:24] long long  = 8
[2022-6-27 23:43:30][file:list.c,function:print_list,line:38] list info:1	23	23	43	
[2022-6-27 23:43:30][file:sqlite.c,function:sqlite3_main,line:67] 
[2022-6-27 23:43:30][file:sqlite.c,function:sqlite3_main,line:67] 
[2022-6-27 23:43:30][file:sqlite.c,function:sqlite3_main,line:67] 
[2022-6-27 23:43:30][file:sqlite.c,function:get_table_cb,line:10] name:[version]:value[0.0.2]
[2022-6-27 23:43:30][file:sqlite.c,function:get_table_cb,line:10] name:[name]:value[expolde]
[2022-6-27 23:43:30][file:sqlite.c,function:get_table_cb,line:10] name:[time]:value[2022-06-26]
[2022-6-27 23:43:30][file:hashmap.c,function:hashmap_main,line:170] The hash size :3
[2022-6-27 23:43:30][file:hashmap.c,function:print_hashtable,line:150] ------------------------HASH_TABLE__________________________
[2022-6-27 23:43:30][file:hashmap.c,function:print_hashtable,line:156] [1]  key=1  value=1,  stat=1
[2022-6-27 23:43:30][file:hashmap.c,function:print_hashtable,line:156] [2]  key=2  value=2,  stat=1
[2022-6-27 23:43:30][file:hashmap.c,function:print_hashtable,line:156] [34]  key=34  value=1,  stat=1
[2022-6-27 23:43:30][file:explode.c,function:main,line:36] [2022-6-27 23:43:30]
[2022-6-27 23:45:18][file:explode.c,function:main,line:15] size_t = 8
[2022-6-27 23:45:18][file:explode.c,function:main,line:16] uint64_t = 8
[2022-6-27 23:45:18][file:explode.c,function:main,line:17] uint16_t = 2
[2022-6-27 23:45:18][file:explode.c,function:main,line:18] uint8_t = 1
[2022-6-27 23:45:18][file:explode.c,function:main,line:19] uint32_t = 4
[2022-6-27 23:45:18][file:explode.c,function:main,line:20] int  = 4
[2022-6-27 23:45:18][file:explode.c,function:main,line:21] long = 8
[2022-6-27 23:45:18][file:explode.c,function:main,line:22] char = 1
[2022-6-27 23:45:18][file:explode.c,function:main,line:23] float = 4
[2022-6-27 23:45:18][file:explode.c,function:main,line:24] long long  = 8
[2022-6-27 23:45:18][file:list.c,function:print_list,line:38] list info:1	23	23	43	
[2022-6-27 23:45:18][file:sqlite.c,function:sqlite3_main,line:67] 
[2022-6-27 23:45:18][file:sqlite.c,function:sqlite3_main,line:67] 
[2022-6-27 23:45:18][file:sqlite.c,function:sqlite3_main,line:67] 
[2022-6-27 23:45:18][file:sqlite.c,function:get_table_cb,line:10] name:[version]:value[0.0.2]
[2022-6-27 23:45:18][file:sqlite.c,function:get_table_cb,line:10] name:[name]:value[expolde]
[2022-6-27 23:45:18][file:sqlite.c,function:get_table_cb,line:10] name:[time]:value[2022-06-26]
[2022-6-27 23:45:18][file:hashmap.c,function:hashmap_main,line:170] The hash size :3
[2022-6-27 23:45:18][file:hashmap.c,function:print_hashtable,line:150] ------------------------HASH_TABLE__________________________
[2022-6-27 23:45:18][file:hashmap.c,function:print_hashtable,line:156] [1]  key=1  value=1,  stat=1
[2022-6-27 23:45:18][file:hashmap.c,function:print_hashtable,line:156] [2]  key=2  value=2,  stat=1
[2022-6-27 23:45:18][file:hashmap.c,function:print_hashtable,line:156] [34]  key=34  value=1,  stat=1
[2022-6-27 23:45:18][file:explode.c,function:main,line:36] [2022-6-27 23:45:18]
[2022-7-8 22:39:15][file:explode.c,function:main,line:15] size_t = 8
[2022-7-8 22:39:15][file:explode.c,function:main,line:16] uint64_t = 8
[2022-7-8 22:39:15][file:explode.c,function:main,line:17] uint16_t = 2
[2022-7-8 22:39:15][file:explode.c,function:main,line:18] uint8_t = 1
[2022-7-8 22:39:15][file:explode.c,function:main,line:19] uint32_t = 4
[2022-7-8 22:39:15][file:explode.c,function:main,line:20] int  = 4
[2022-7-8 22:39:15][file:explode.c,function:main,line:21] long = 8
[2022-7-8 22:39:15][file:explode.c,function:main,line:22] char = 1
[2022-7-8 22:39:15][file:explode.c,function:main,line:23] float = 4
[2022-7-8 22:39:15][file:explode.c,function:main,line:24] long long  = 8
[2022-7-8 22:39:15][file:list.c,function:print_list,line:38] list info:1	23	23	43	
[2022-7-8 22:40:06][file:explode.c,function:main,line:16] size_t = 8
[2022-7-8 22:40:06][file:explode.c,function:main,line:17] uint64_t = 8
[2022-7-8 22:40:06][file:explode.c,function:main,line:18] uint16_t = 2
[2022-7-8 22:40:06][file:explode.c,function:main,line:19] uint8_t = 1
[2022-7-8 22:40:06][file:explode.c,function:main,line:20] uint32_t = 4
[2022-7-8 22:40:06][file:explode.c,function:main,line:21] int  = 4
[2022-7-8 22:40:06][file:explode.c,function:main,line:22] long = 8
[2022-7-8 22:40:06][file:explode.c,function:main,line:23] char = 1
[2022-7-8 22:40:06][file:explode.c,function:main,line:24] float = 4
[2022-7-8 22:40:06][file:explode.c,function:main,line:25] long long  = 8
[2022-7-8 22:40:06][file:list.c,function:print_list,line:38] list info:1	23	23	43	
[2022-7-8 22:40:06][file:sqlite.c,function:sqlite3_main,line:67] 
[2022-7-8 22:40:06][file:sqlite.c,function:sqlite3_main,line:67] 
[2022-7-8 22:40:06][file:sqlite.c,function:sqlite3_main,line:67] 
[2022-7-8 22:40:06][file:sqlite.c,function:get_table_cb,line:10] name:[version]:value[0.0.2]
[2022-7-8 22:40:06][file:sqlite.c,function:get_table_cb,line:10] name:[name]:value[expolde]
[2022-7-8 22:40:06][file:sqlite.c,function:get_table_cb,line:10] name:[time]:value[2022-06-26]
[2022-7-8 22:40:06][file:hashmap.c,function:hashmap_main,line:170] The hash size :3
[2022-7-8 22:40:06][file:hashmap.c,function:print_hashtable,line:150] ------------------------HASH_TABLE__________________________
[2022-7-8 22:40:06][file:hashmap.c,function:print_hashtable,line:156] [1]  key=1  value=1,  stat=1
[2022-7-8 22:40:06][file:hashmap.c,function:print_hashtable,line:156] [2]  key=2  value=2,  stat=1
[2022-7-8 22:40:06][file:hashmap.c,function:print_hashtable,line:156] [34]  key=34  value=1,  stat=1
[2022-7-8 22:40:06][file:explode.c,function:main,line:37] [2022-7-8 22:40:06]
[2022-7-8 22:40:06][file:explode.c,function:main,line:38] cpu个数目:2
[2022-7-8 22:40:10][file:explode.c,function:main,line:16] size_t = 8
[2022-7-8 22:40:10][file:explode.c,function:main,line:17] uint64_t = 8
[2022-7-8 22:40:10][file:explode.c,function:main,line:18] uint16_t = 2
[2022-7-8 22:40:10][file:explode.c,function:main,line:19] uint8_t = 1
[2022-7-8 22:40:10][file:explode.c,function:main,line:20] uint32_t = 4
[2022-7-8 22:40:10][file:explode.c,function:main,line:21] int  = 4
[2022-7-8 22:40:10][file:explode.c,function:main,line:22] long = 8
[2022-7-8 22:40:10][file:explode.c,function:main,line:23] char = 1
[2022-7-8 22:40:10][file:explode.c,function:main,line:24] float = 4
[2022-7-8 22:40:10][file:explode.c,function:main,line:25] long long  = 8
[2022-7-8 22:40:10][file:list.c,function:print_list,line:38] list info:1	23	23	43	
[2022-7-8 22:40:10][file:sqlite.c,function:sqlite3_main,line:67] 
[2022-7-8 22:40:10][file:sqlite.c,function:sqlite3_main,line:67] 
[2022-7-8 22:40:10][file:sqlite.c,function:sqlite3_main,line:67] 
[2022-7-8 22:40:10][file:sqlite.c,function:get_table_cb,line:10] name:[version]:value[0.0.2]
[2022-7-8 22:40:10][file:sqlite.c,function:get_table_cb,line:10] name:[name]:value[expolde]
[2022-7-8 22:40:10][file:sqlite.c,function:get_table_cb,line:10] name:[time]:value[2022-06-26]
[2022-7-8 22:40:10][file:hashmap.c,function:hashmap_main,line:170] The hash size :3
[2022-7-8 22:40:10][file:hashmap.c,function:print_hashtable,line:150] ------------------------HASH_TABLE__________________________
[2022-7-8 22:40:10][file:hashmap.c,function:print_hashtable,line:156] [1]  key=1  value=1,  stat=1
[2022-7-8 22:40:10][file:hashmap.c,function:print_hashtable,line:156] [2]  key=2  value=2,  stat=1
[2022-7-8 22:40:10][file:hashmap.c,function:print_hashtable,line:156] [34]  key=34  value=1,  stat=1
[2022-7-8 22:40:10][file:explode.c,function:main,line:37] [2022-7-8 22:40:10]
[2022-7-8 22:40:10][file:explode.c,function:main,line:38] cpu个数目:2
[2022-7-8 22:40:10][file:explode.c,function:main,line:16] size_t = 8
[2022-7-8 22:40:10][file:explode.c,function:main,line:17] uint64_t = 8
[2022-7-8 22:40:10][file:explode.c,function:main,line:18] uint16_t = 2
[2022-7-8 22:40:10][file:explode.c,function:main,line:19] uint8_t = 1
[2022-7-8 22:40:10][file:explode.c,function:main,line:20] uint32_t = 4
[2022-7-8 22:40:10][file:explode.c,function:main,line:21] int  = 4
[2022-7-8 22:40:10][file:explode.c,function:main,line:22] long = 8
[2022-7-8 22:40:10][file:explode.c,function:main,line:23] char = 1
[2022-7-8 22:40:10][file:explode.c,function:main,line:24] float = 4
[2022-7-8 22:40:10][file:explode.c,function:main,line:25] long long  = 8
[2022-7-8 22:40:10][file:list.c,function:print_list,line:38] list info:1	23	23	43	
[2022-7-8 22:40:10][file:sqlite.c,function:sqlite3_main,line:67] 
[2022-7-8 22:40:10][file:sqlite.c,function:sqlite3_main,line:67] 
[2022-7-8 22:40:10][file:sqlite.c,function:sqlite3_main,line:67] 
[2022-7-8 22:40:10][file:sqlite.c,function:get_table_cb,line:10] name:[version]:value[0.0.2]
[2022-7-8 22:40:10][file:sqlite.c,function:get_table_cb,line:10] name:[name]:value[expolde]
[2022-7-8 22:40:10][file:sqlite.c,function:get_table_cb,line:10] name:[time]:value[2022-06-26]
[2022-7-8 22:40:10][file:hashmap.c,function:hashmap_main,line:170] The hash size :3
[2022-7-8 22:40:10][file:hashmap.c,function:print_hashtable,line:150] ------------------------HASH_TABLE__________________________
[2022-7-8 22:40:10][file:hashmap.c,function:print_hashtable,line:156] [1]  key=1  value=1,  stat=1
[2022-7-8 22:40:10][file:hashmap.c,function:print_hashtable,line:156] [2]  key=2  value=2,  stat=1
[2022-7-8 22:40:10][file:hashmap.c,function:print_hashtable,line:156] [34]  key=34  value=1,  stat=1
[2022-7-8 22:40:10][file:explode.c,function:main,line:37] [2022-7-8 22:40:10]
[2022-7-8 22:40:10][file:explode.c,function:main,line:38] cpu个数目:2
[2022-7-8 22:41:33][file:explode.c,function:main,line:16] size_t = 8
[2022-7-8 22:41:33][file:explode.c,function:main,line:17] uint64_t = 8
[2022-7-8 22:41:33][file:explode.c,function:main,line:18] uint16_t = 2
[2022-7-8 22:41:33][file:explode.c,function:main,line:19] uint8_t = 1
[2022-7-8 22:41:33][file:explode.c,function:main,line:20] uint32_t = 4
[2022-7-8 22:41:33][file:explode.c,function:main,line:21] int  = 4
[2022-7-8 22:41:33][file:explode.c,function:main,line:22] long = 8
[2022-7-8 22:41:33][file:explode.c,function:main,line:23] char = 1
[2022-7-8 22:41:33][file:explode.c,function:main,line:24] float = 4
[2022-7-8 22:41:33][file:explode.c,function:main,line:25] long long  = 8
[2022-7-8 22:41:33][file:list.c,function:print_list,line:38] list info:1	23	23	43	
[2022-7-8 22:41:33][file:sqlite.c,function:sqlite3_main,line:67] 
[2022-7-8 22:41:33][file:sqlite.c,function:sqlite3_main,line:67] 
[2022-7-8 22:41:33][file:sqlite.c,function:sqlite3_main,line:67] 
[2022-7-8 22:41:33][file:sqlite.c,function:get_table_cb,line:10] name:[version]:value[0.0.2]
[2022-7-8 22:41:33][file:sqlite.c,function:get_table_cb,line:10] name:[name]:value[expolde]
[2022-7-8 22:41:33][file:sqlite.c,function:get_table_cb,line:10] name:[time]:value[2022-06-26]
[2022-7-8 22:41:33][file:hashmap.c,function:hashmap_main,line:170] The hash size :3
[2022-7-8 22:41:33][file:hashmap.c,function:print_hashtable,line:150] ------------------------HASH_TABLE__________________________
[2022-7-8 22:41:33][file:hashmap.c,function:print_hashtable,line:156] [1]  key=1  value=1,  stat=1
[2022-7-8 22:41:33][file:hashmap.c,function:print_hashtable,line:156] [2]  key=2  value=2,  stat=1
[2022-7-8 22:41:33][file:hashmap.c,function:print_hashtable,line:156] [34]  key=34  value=1,  stat=1
[2022-7-8 22:41:33][file:explode.c,function:main,line:37] [2022-7-8 22:41:33]
[2022-7-8 22:41:33][file:explode.c,function:main,line:38] cpu个数目:2
[2022-7-8 22:41:33][file:explode.c,function:main,line:39] 可用cpu个数:2
[2022-7-8 02:22:41][file:explode.c,function:main,line:16] size_t = 8
[2022-7-8 02:22:41][file:explode.c,function:main,line:17] uint64_t = 8
[2022-7-8 02:22:41][file:explode.c,function:main,line:18] uint16_t = 2
[2022-7-8 02:22:41][file:explode.c,function:main,line:19] uint8_t = 1
[2022-7-8 02:22:41][file:explode.c,function:main,line:20] uint32_t = 4
[2022-7-8 02:22:41][file:explode.c,function:main,line:21] int  = 4
[2022-7-8 02:22:41][file:explode.c,function:main,line:22] long = 8
[2022-7-8 02:22:41][file:explode.c,function:main,line:23] char = 1
[2022-7-8 02:22:41][file:explode.c,function:main,line:24] float = 4
[2022-7-8 02:22:41][file:explode.c,function:main,line:25] long long  = 8
[2022-7-8 02:22:41][file:list.c,function:print_list,line:38] list info:1	23	23	43	
[2022-7-8 02:22:41][file:sqlite.c,function:sqlite3_main,line:67] 
[2022-7-8 02:22:41][file:sqlite.c,function:sqlite3_main,line:67] 
[2022-7-8 02:22:41][file:sqlite.c,function:sqlite3_main,line:67] 
[2022-7-8 02:22:41][file:sqlite.c,function:get_table_cb,line:10] name:[version]:value[0.0.2]
[2022-7-8 02:22:41][file:sqlite.c,function:get_table_cb,line:10] name:[name]:value[expolde]
[2022-7-8 02:22:41][file:sqlite.c,function:get_table_cb,line:10] name:[time]:value[2022-06-26]
[2022-7-8 02:22:41][file:hashmap.c,function:hashmap_main,line:170] The hash size :3
[2022-7-8 02:22:41][file:hashmap.c,function:print_hashtable,line:150] ------------------------HASH_TABLE__________________________
[2022-7-8 02:22:41][file:hashmap.c,function:print_hashtable,line:156] [1]  key=1  value=1,  stat=1
[2022-7-8 02:22:41][file:hashmap.c,function:print_hashtable,line:156] [2]  key=2  value=2,  stat=1
[2022-7-8 02:22:41][file:hashmap.c,function:print_hashtable,line:156] [34]  key=34  value=1,  stat=1
[2022-7-8 02:22:41][file:explode.c,function:main,line:37] [2022-7-8 02:22:41]
[2022-7-8 02:22:41][file:explode.c,function:main,line:38] cpu个数目:2
[2022-7-8 02:22:41][file:explode.c,function:main,line:39] 可用cpu个数:2
[2022-7-9 02:22:41][file:explode.c,function:main,line:16] size_t = 8
[2022-7-9 02:22:41][file:explode.c,function:main,line:17] uint64_t = 8
[2022-7-9 02:22:41][file:explode.c,function:main,line:18] uint16_t = 2
[2022-7-9 02:22:41][file:explode.c,function:main,line:19] uint8_t = 1
[2022-7-9 02:22:41][file:explode.c,function:main,line:20] uint32_t = 4
[2022-7-9 02:22:41][file:explode.c,function:main,line:21] int  = 4
[2022-7-9 02:22:41][file:explode.c,function:main,line:22] long = 8
[2022-7-9 02:22:41][file:explode.c,function:main,line:23] char = 1
[2022-7-9 02:22:41][file:explode.c,function:main,line:24] float = 4
[2022-7-9 02:22:41][file:explode.c,function:main,line:25] long long  = 8
[2022-7-9 02:22:41][file:list.c,function:print_list,line:38] list info:1	23	23	43	
[2022-7-9 14:49:28][file:explode.c,function:main,line:21] size_t = 8
[2022-7-9 14:49:28][file:explode.c,function:main,line:22] uint64_t = 8
[2022-7-9 14:49:28][file:explode.c,function:main,line:23] uint16_t = 2
[2022-7-9 14:49:28][file:explode.c,function:main,line:24] uint8_t = 1
[2022-7-9 14:49:28][file:explode.c,function:main,line:25] uint32_t = 4
[2022-7-9 14:49:28][file:explode.c,function:main,line:26] int  = 4
[2022-7-9 14:49:28][file:explode.c,function:main,line:27] long = 8
[2022-7-9 14:49:28][file:explode.c,function:main,line:28] char = 1
[2022-7-9 14:49:28][file:explode.c,function:main,line:29] float = 4
[2022-7-9 14:49:28][file:explode.c,function:main,line:30] long long  = 8
[2022-7-9 14:49:28][file:list.c,function:print_list,line:38] list info:1	23	23	43	
[2022-7-9 14:49:29][file:sqlite.c,function:sqlite3_main,line:67] 
[2022-7-9 14:49:29][file:sqlite.c,function:sqlite3_main,line:67] 
[2022-7-9 14:49:29][file:sqlite.c,function:sqlite3_main,line:67] 
[2022-7-9 14:49:29][file:sqlite.c,function:get_table_cb,line:10] name:[version]:value[0.0.2]
[2022-7-9 14:49:29][file:sqlite.c,function:get_table_cb,line:10] name:[name]:value[expolde]
[2022-7-9 14:49:29][file:sqlite.c,function:get_table_cb,line:10] name:[time]:value[2022-06-26]
[2022-7-9 14:49:28][file:hashmap.c,function:hashmap_main,line:170] The hash size :3
[2022-7-9 14:49:28][file:hashmap.c,function:print_hashtable,line:150] ------------------------HASH_TABLE__________________________
[2022-7-9 14:49:28][file:hashmap.c,function:print_hashtable,line:156] [1]  key=1  value=1,  stat=1
[2022-7-9 14:49:28][file:hashmap.c,function:print_hashtable,line:156] [2]  key=2  value=2,  stat=1
[2022-7-9 14:49:28][file:hashmap.c,function:print_hashtable,line:156] [34]  key=34  value=1,  stat=1
[2022-7-9 14:49:28][file:explode.c,function:main,line:42] [2022-7-9 14:49:28]
[2022-7-9 14:49:28][file:explode.c,function:main,line:43] cpu个数目:2
[2022-7-9 14:49:28][file:explode.c,function:main,line:44] 可用cpu个数:2
[2022-7-9 15:53:42][file:explode.c,function:main,line:21] size_t = 8
[2022-7-9 15:53:42][file:explode.c,function:main,line:22] uint64_t = 8
[2022-7-9 15:53:42][file:explode.c,function:main,line:23] uint16_t = 2
[2022-7-9 15:53:42][file:explode.c,function:main,line:24] uint8_t = 1
[2022-7-9 15:53:42][file:explode.c,function:main,line:25] uint32_t = 4
[2022-7-9 15:53:42][file:explode.c,function:main,line:26] int  = 4
[2022-7-9 15:53:42][file:explode.c,function:main,line:27] long = 8
[2022-7-9 15:53:42][file:explode.c,function:main,line:28] char = 1
[2022-7-9 15:53:42][file:explode.c,function:main,line:29] float = 4
[2022-7-9 15:53:42][file:explode.c,function:main,line:30] long long  = 8
[2022-7-9 15:53:44][file:list.c,function:print_list,line:38] list info:1	23	23	43	
[2022-7-9 15:53:44][file:sqlite.c,function:sqlite3_main,line:67] 
[2022-7-9 15:53:44][file:sqlite.c,function:sqlite3_main,line:67] 
[2022-7-9 15:53:44][file:sqlite.c,function:sqlite3_main,line:67] 
[2022-7-9 15:53:44][file:sqlite.c,function:get_table_cb,line:10] name:[version]:value[0.0.2]
[2022-7-9 15:53:44][file:sqlite.c,function:get_table_cb,line:10] name:[name]:value[expolde]
[2022-7-9 15:53:44][file:sqlite.c,function:get_table_cb,line:10] name:[time]:value[2022-06-26]
[2022-7-9 15:53:44][file:hashmap.c,function:hashmap_main,line:170] The hash size :3
[2022-7-9 15:53:44][file:hashmap.c,function:print_hashtable,line:150] ------------------------HASH_TABLE__________________________
[2022-7-9 15:53:44][file:hashmap.c,function:print_hashtable,line:156] [1]  key=1  value=1,  stat=1
[2022-7-9 15:53:44][file:hashmap.c,function:print_hashtable,line:156] [2]  key=2  value=2,  stat=1
[2022-7-9 15:53:44][file:hashmap.c,function:print_hashtable,line:156] [34]  key=34  value=1,  stat=1
[2022-7-9 15:53:42][file:explode.c,function:main,line:42] [2022-7-9 15:53:44]
[2022-7-9 15:53:42][file:explode.c,function:main,line:43] cpu个数目:2
[2022-7-9 15:53:42][file:explode.c,function:main,line:44] 可用cpu个数:2
[2022-7-9 22:13:43][file:explode.c,function:main,line:21] size_t = 8
[2022-7-9 22:13:43][file:explode.c,function:main,line:22] uint64_t = 8
[2022-7-9 22:13:43][file:explode.c,function:main,line:23] uint16_t = 2
[2022-7-9 22:13:43][file:explode.c,function:main,line:24] uint8_t = 1
[2022-7-9 22:13:43][file:explode.c,function:main,line:25] uint32_t = 4
[2022-7-9 22:13:43][file:explode.c,function:main,line:26] int  = 4
[2022-7-9 22:13:43][file:explode.c,function:main,line:27] long = 8
[2022-7-9 22:13:43][file:explode.c,function:main,line:28] char = 1
[2022-7-9 22:13:43][file:explode.c,function:main,line:29] float = 4
[2022-7-9 22:13:43][file:explode.c,function:main,line:30] long long  = 8
[2022-7-9 22:13:43][file:list.c,function:print_list,line:38] list info:1	23	23	43	
[2022-7-9 22:15:26][file:explode.c,function:main,line:21] size_t = 8
[2022-7-9 22:15:26][file:explode.c,function:main,line:22] uint64_t = 8
[2022-7-9 22:15:26][file:explode.c,function:main,line:23] uint16_t = 2
[2022-7-9 22:15:26][file:explode.c,function:main,line:24] uint8_t = 1
[2022-7-9 22:15:26][file:explode.c,function:main,line:25] uint32_t = 4
[2022-7-9 22:15:26][file:explode.c,function:main,line:26] int  = 4
[2022-7-9 22:15:26][file:explode.c,function:main,line:27] long = 8
[2022-7-9 22:15:26][file:explode.c,function:main,line:28] char = 1
[2022-7-9 22:15:26][file:explode.c,function:main,line:29] float = 4
[2022-7-9 22:15:26][file:explode.c,function:main,line:30] long long  = 8
[2022-7-9 22:15:26][file:list.c,function:print_list,line:38] list info:1	23	23	43	
[2022-7-9 22:15:26][file:sqlite.c,function:sqlite3_main,line:67] 
[2022-7-9 22:15:26][file:sqlite.c,function:sqlite3_main,line:67] 
[2022-7-9 22:15:26][file:sqlite.c,function:sqlite3_main,line:67] 
[2022-7-9 22:15:26][file:sqlite.c,function:get_table_cb,line:10] name:[version]:value[0.0.2]
[2022-7-9 22:15:26][file:sqlite.c,function:get_table_cb,line:10] name:[name]:value[expolde]
[2022-7-9 22:15:26][file:sqlite.c,function:get_table_cb,line:10] name:[time]:value[2022-06-26]
[2022-7-9 22:15:26][file:hashmap.c,function:hashmap_main,line:170] The hash size :3
[2022-7-9 22:15:26][file:hashmap.c,function:print_hashtable,line:150] ------------------------HASH_TABLE__________________________
[2022-7-9 22:15:26][file:hashmap.c,function:print_hashtable,line:156] [1]  key=1  value=1,  stat=1
[2022-7-9 22:15:26][file:hashmap.c,function:print_hashtable,line:156] [2]  key=2  value=2,  stat=1
[2022-7-9 22:15:26][file:hashmap.c,function:print_hashtable,line:156] [34]  key=34  value=1,  stat=1
[2022-7-9 22:15:26][file:explode.c,function:main,line:42] [2022-7-9 22:15:26]
[2022-7-9 22:15:26][file:explode.c,function:main,line:43] cpu个数目:2
[2022-7-9 22:15:26][file:explode.c,function:main,line:44] 可用cpu个数:2
[2022-7-9 22:19:38][file:explode.c,function:main,line:21] size_t = 8
[2022-7-9 22:19:38][file:explode.c,function:main,line:22] uint64_t = 8
[2022-7-9 22:19:38][file:explode.c,function:main,line:23] uint16_t = 2
[2022-7-9 22:19:38][file:explode.c,function:main,line:24] uint8_t = 1
[2022-7-9 22:19:38][file:explode.c,function:main,line:25] uint32_t = 4
[2022-7-9 22:19:38][file:explode.c,function:main,line:26] int  = 4
[2022-7-9 22:19:38][file:explode.c,function:main,line:27] long = 8
[2022-7-9 22:19:38][file:explode.c,function:main,line:28] char = 1
[2022-7-9 22:19:38][file:explode.c,function:main,line:29] float = 4
[2022-7-9 22:19:38][file:explode.c,function:main,line:30] long long  = 8
[2022-7-9 22:19:38][file:list.c,function:print_list,line:38] list info:1	23	23	43	
[2022-7-9 22:19:38][file:sqlite.c,function:sqlite3_main,line:67] 
[2022-7-9 22:19:38][file:sqlite.c,function:sqlite3_main,line:67] 
[2022-7-9 22:19:38][file:sqlite.c,function:sqlite3_main,line:67] 
[2022-7-9 22:19:38][file:sqlite.c,function:get_table_cb,line:10] name:[version]:value[0.0.2]
[2022-7-9 22:19:38][file:sqlite.c,function:get_table_cb,line:10] name:[name]:value[expolde]
[2022-7-9 22:19:38][file:sqlite.c,function:get_table_cb,line:10] name:[time]:value[2022-06-26]
[2022-7-9 22:19:38][file:hashmap.c,function:hashmap_main,line:170] The hash size :3
[2022-7-9 22:19:38][file:hashmap.c,function:print_hashtable,line:150] ------------------------HASH_TABLE__________________________
[2022-7-9 22:19:38][file:hashmap.c,function:print_hashtable,line:156] [1]  key=1  value=1,  stat=1
[2022-7-9 22:19:38][file:hashmap.c,function:print_hashtable,line:156] [2]  key=2  value=2,  stat=1
[2022-7-9 22:19:38][file:hashmap.c,function:print_hashtable,line:156] [34]  key=34  value=1,  stat=1
[2022-7-9 22:19:38][file:explode.c,function:main,line:42] [2022-7-9 22:19:38]
[2022-7-9 22:19:38][file:explode.c,function:main,line:43] cpu个数目:2
[2022-7-9 22:19:38][file:explode.c,function:main,line:44] 可用cpu个数:2
[2022-7-9 22:22:10][file:explode.c,function:main,line:21] size_t = 8
[2022-7-9 22:22:10][file:explode.c,function:main,line:22] uint64_t = 8
[2022-7-9 22:22:10][file:explode.c,function:main,line:23] uint16_t = 2
[2022-7-9 22:22:10][file:explode.c,function:main,line:24] uint8_t = 1
[2022-7-9 22:22:10][file:explode.c,function:main,line:25] uint32_t = 4
[2022-7-9 22:22:10][file:explode.c,function:main,line:26] int  = 4
[2022-7-9 22:22:10][file:explode.c,function:main,line:27] long = 8
[2022-7-9 22:22:10][file:explode.c,function:main,line:28] char = 1
[2022-7-9 22:22:10][file:explode.c,function:main,line:29] float = 4
[2022-7-9 22:22:10][file:explode.c,function:main,line:30] long long  = 8
[2022-7-9 22:22:10][file:list.c,function:print_list,line:38] list info:1	23	23	43	
[2022-7-9 22:22:10][file:sqlite.c,function:sqlite3_main,line:67] 
[2022-7-9 22:22:10][file:sqlite.c,function:sqlite3_main,line:67] 
[2022-7-9 22:22:10][file:sqlite.c,function:sqlite3_main,line:67] 
[2022-7-9 22:22:10][file:sqlite.c,function:get_table_cb,line:10] name:[version]:value[0.0.2]
[2022-7-9 22:22:10][file:sqlite.c,function:get_table_cb,line:10] name:[name]:value[expolde]
[2022-7-9 22:22:10][file:sqlite.c,function:get_table_cb,line:10] name:[time]:value[2022-06-26]
[2022-7-9 22:22:10][file:hashmap.c,function:hashmap_main,line:170] The hash size :3
[2022-7-9 22:22:10][file:hashmap.c,function:print_hashtable,line:150] ------------------------HASH_TABLE__________________________
[2022-7-9 22:22:10][file:hashmap.c,function:print_hashtable,line:156] [1]  key=1  value=1,  stat=1
[2022-7-9 22:22:10][file:hashmap.c,function:print_hashtable,line:156] [2]  key=2  value=2,  stat=1
[2022-7-9 22:22:10][file:hashmap.c,function:print_hashtable,line:156] [34]  key=34  value=1,  stat=1
[2022-7-9 22:22:10][file:explode.c,function:main,line:42] [2022-7-9 22:22:10]
[2022-7-9 22:22:10][file:explode.c,function:main,line:43] cpu个数目:2
[2022-7-9 22:22:10][file:explode.c,function:main,line:44] 可用cpu个数:2
[2022-7-9 22:22:29][file:explode.c,function:main,line:21] size_t = 8
[2022-7-9 22:22:29][file:explode.c,function:main,line:22] uint64_t = 8
[2022-7-9 22:22:29][file:explode.c,function:main,line:23] uint16_t = 2
[2022-7-9 22:22:29][file:explode.c,function:main,line:24] uint8_t = 1
[2022-7-9 22:22:29][file:explode.c,function:main,line:25] uint32_t = 4
[2022-7-9 22:22:29][file:explode.c,function:main,line:26] int  = 4
[2022-7-9 22:22:29][file:explode.c,function:main,line:27] long = 8
[2022-7-9 22:22:29][file:explode.c,function:main,line:28] char = 1
[2022-7-9 22:22:29][file:explode.c,function:main,line:29] float = 4
[2022-7-9 22:22:29][file:explode.c,function:main,line:30] long long  = 8
[2022-7-9 22:22:29][file:list.c,function:print_list,line:38] list info:1	23	23	43	
[2022-7-9 22:26:54][file:explode.c,function:main,line:21] size_t = 8
[2022-7-9 22:26:54][file:explode.c,function:main,line:22] uint64_t = 8
[2022-7-9 22:26:54][file:explode.c,function:main,line:23] uint16_t = 2
[2022-7-9 22:26:54][file:explode.c,function:main,line:24] uint8_t = 1
[2022-7-9 22:26:54][file:explode.c,function:main,line:25] uint32_t = 4
[2022-7-9 22:26:54][file:explode.c,function:main,line:26] int  = 4
[2022-7-9 22:26:54][file:explode.c,function:main,line:27] long = 8
[2022-7-9 22:26:54][file:explode.c,function:main,line:28] char = 1
[2022-7-9 22:26:54][file:explode.c,function:main,line:29] float = 4
[2022-7-9 22:26:54][file:explode.c,function:main,line:30] long long  = 8
[2022-7-9 22:26:54][file:list.c,function:print_list,line:38] list info:1	23	23	43	
[2022-7-9 22:26:54][file:sqlite.c,function:sqlite3_main,line:67] 
[2022-7-9 22:26:54][file:sqlite.c,function:sqlite3_main,line:67] 
[2022-7-9 22:26:54][file:sqlite.c,function:sqlite3_main,line:67] 
[2022-7-9 22:26:54][file:sqlite.c,function:get_table_cb,line:10] name:[version]:value[0.0.2]
[2022-7-9 22:26:54][file:sqlite.c,function:get_table_cb,line:10] name:[name]:value[expolde]
[2022-7-9 22:26:54][file:sqlite.c,function:get_table_cb,line:10] name:[time]:value[2022-06-26]
[2022-7-9 22:26:54][file:hashmap.c,function:hashmap_main,line:170] The hash size :3
[2022-7-9 22:26:54][file:hashmap.c,function:print_hashtable,line:150] ------------------------HASH_TABLE__________________________
[2022-7-9 22:26:54][file:hashmap.c,function:print_hashtable,line:156] [1]  key=1  value=1,  stat=1
[2022-7-9 22:26:54][file:hashmap.c,function:print_hashtable,line:156] [2]  key=2  value=2,  stat=1
[2022-7-9 22:26:54][file:hashmap.c,function:print_hashtable,line:156] [34]  key=34  value=1,  stat=1
[2022-7-9 22:26:54][file:explode.c,function:main,line:42] [2022-7-9 22:26:54]
[2022-7-9 22:26:54][file:explode.c,function:main,line:43] cpu个数目:2
[2022-7-9 22:26:54][file:explode.c,function:main,line:44] 可用cpu个数:2
[2022-7-9 22:31:16][file:explode.c,function:main,line:21] size_t = 8
[2022-7-9 22:31:16][file:explode.c,function:main,line:22] uint64_t = 8
[2022-7-9 22:31:16][file:explode.c,function:main,line:23] uint16_t = 2
[2022-7-9 22:31:16][file:explode.c,function:main,line:24] uint8_t = 1
[2022-7-9 22:31:16][file:explode.c,function:main,line:25] uint32_t = 4
[2022-7-9 22:31:16][file:explode.c,function:main,line:26] int  = 4
[2022-7-9 22:31:16][file:explode.c,function:main,line:27] long = 8
[2022-7-9 22:31:16][file:explode.c,function:main,line:28] char = 1
[2022-7-9 22:31:16][file:explode.c,function:main,line:29] float = 4
[2022-7-9 22:31:16][file:explode.c,function:main,line:30] long long  = 8
[2022-7-9 22:31:16][file:list.c,function:print_list,line:38] list info:1	23	23	43	
[2022-7-9 22:31:16][file:sqlite.c,function:sqlite3_main,line:67] 
[2022-7-9 22:31:16][file:sqlite.c,function:sqlite3_main,line:67] 
[2022-7-9 22:31:16][file:sqlite.c,function:sqlite3_main,line:67] 
[2022-7-9 22:31:16][file:sqlite.c,function:get_table_cb,line:10] name:[version]:value[0.0.2]
[2022-7-9 22:31:16][file:sqlite.c,function:get_table_cb,line:10] name:[name]:value[expolde]
[2022-7-9 22:31:16][file:sqlite.c,function:get_table_cb,line:10] name:[time]:value[2022-06-26]
[2022-7-9 22:31:16][file:hashmap.c,function:hashmap_main,line:170] The hash size :3
[2022-7-9 22:31:16][file:hashmap.c,function:print_hashtable,line:150] ------------------------HASH_TABLE__________________________
[2022-7-9 22:31:16][file:hashmap.c,function:print_hashtable,line:156] [1]  key=1  value=1,  stat=1
[2022-7-9 22:31:16][file:hashmap.c,function:print_hashtable,line:156] [2]  key=2  value=2,  stat=1
[2022-7-9 22:31:16][file:hashmap.c,function:print_hashtable,line:156] [34]  key=34  value=1,  stat=1
[2022-7-9 22:31:16][file:explode.c,function:main,line:42] [2022-7-9 22:31:16]
[2022-7-9 22:31:16][file:explode.c,function:main,line:43] cpu个数目:2
[2022-7-9 22:31:16][file:explode.c,function:main,line:44] 可用cpu个数:2
[2022-7-9 22:37:38][file:explode.c,function:main,line:21] size_t = 8
[2022-7-9 22:37:38][file:explode.c,function:main,line:22] uint64_t = 8
[2022-7-9 22:37:38][file:explode.c,function:main,line:23] uint16_t = 2
[2022-7-9 22:37:38][file:explode.c,function:main,line:24] uint8_t = 1
[2022-7-9 22:37:38][file:explode.c,function:main,line:25] uint32_t = 4
[2022-7-9 22:37:38][file:explode.c,function:main,line:26] int  = 4
[2022-7-9 22:37:38][file:explode.c,function:main,line:27] long = 8
[2022-7-9 22:37:38][file:explode.c,function:main,line:28] char = 1
[2022-7-9 22:37:38][file:explode.c,function:main,line:29] float = 4
[2022-7-9 22:37:38][file:explode.c,function:main,line:30] long long  = 8
[2022-7-9 22:37:38][file:list.c,function:print_list,line:38] list info:1	23	23	43	
[2022-7-9 22:37:38][file:explode.c,function:main,line:21] size_t = 8
[2022-7-9 22:37:38][file:explode.c,function:main,line:22] uint64_t = 8
[2022-7-9 22:37:38][file:explode.c,function:main,line:23] uint16_t = 2
[2022-7-9 22:37:38][file:explode.c,function:main,line:24] uint8_t = 1
[2022-7-9 22:37:38][file:explode.c,function:main,line:25] uint32_t = 4
[2022-7-9 22:37:38][file:explode.c,function:main,line:26] int  = 4
[2022-7-9 22:37:38][file:explode.c,function:main,line:27] long = 8
[2022-7-9 22:37:38][file:explode.c,function:main,line:28] char = 1
[2022-7-9 22:37:38][file:explode.c,function:main,line:29] float = 4
[2022-7-9 22:37:38][file:explode.c,function:main,line:30] long long  = 8
[2022-7-9 22:37:38][file:list.c,function:print_list,line:38] list info:1	23	23	43	
[2022-7-9 22:37:38][file:sqlite.c,function:sqlite3_main,line:67] 
[2022-7-9 22:37:38][file:sqlite.c,function:sqlite3_main,line:67] 
[2022-7-9 22:37:38][file:sqlite.c,function:sqlite3_main,line:67] 
[2022-7-9 22:37:38][file:sqlite.c,function:get_table_cb,line:10] name:[version]:value[0.0.2]
[2022-7-9 22:37:38][file:sqlite.c,function:get_table_cb,line:10] name:[name]:value[expolde]
[2022-7-9 22:37:38][file:sqlite.c,function:get_table_cb,line:10] name:[time]:value[2022-06-26]
[2022-7-9 22:37:38][file:hashmap.c,function:hashmap_main,line:170] The hash size :3
[2022-7-9 22:37:38][file:hashmap.c,function:print_hashtable,line:150] ------------------------HASH_TABLE__________________________
[2022-7-9 22:37:38][file:hashmap.c,function:print_hashtable,line:156] [1]  key=1  value=1,  stat=1
[2022-7-9 22:37:38][file:hashmap.c,function:print_hashtable,line:156] [2]  key=2  value=2,  stat=1
[2022-7-9 22:37:38][file:hashmap.c,function:print_hashtable,line:156] [34]  key=34  value=1,  stat=1
[2022-7-9 22:37:38][file:explode.c,function:main,line:42] [2022-7-9 22:37:38]
[2022-7-9 22:37:38][file:explode.c,function:main,line:43] cpu个数目:2
[2022-7-9 22:37:38][file:explode.c,function:main,line:44] 可用cpu个数:2
[2022-7-9 22:40:06][file:explode.c,function:main,line:21] size_t = 8
[2022-7-9 22:40:06][file:explode.c,function:main,line:22] uint64_t = 8
[2022-7-9 22:40:06][file:explode.c,function:main,line:23] uint16_t = 2
[2022-7-9 22:40:06][file:explode.c,function:main,line:24] uint8_t = 1
[2022-7-9 22:40:06][file:explode.c,function:main,line:25] uint32_t = 4
[2022-7-9 22:40:06][file:explode.c,function:main,line:26] int  = 4
[2022-7-9 22:40:06][file:explode.c,function:main,line:27] long = 8
[2022-7-9 22:40:06][file:explode.c,function:main,line:28] char = 1
[2022-7-9 22:40:06][file:explode.c,function:main,line:29] float = 4
[2022-7-9 22:40:06][file:explode.c,function:main,line:30] long long  = 8
[2022-7-9 22:40:06][file:list.c,function:print_list,line:38] list info:1	23	23	43	
[2022-7-9 22:40:06][file:sqlite.c,function:sqlite3_main,line:67] 
[2022-7-9 22:40:06][file:sqlite.c,function:sqlite3_main,line:67] 
[2022-7-9 22:40:06][file:sqlite.c,function:sqlite3_main,line:67] 
[2022-7-9 22:40:06][file:sqlite.c,function:get_table_cb,line:10] name:[version]:value[0.0.2]
[2022-7-9 22:40:06][file:sqlite.c,function:get_table_cb,line:10] name:[name]:value[expolde]
[2022-7-9 22:40:06][file:sqlite.c,function:get_table_cb,line:10] name:[time]:value[2022-06-26]
[2022-7-9 22:40:06][file:hashmap.c,function:hashmap_main,line:170] The hash size :3
[2022-7-9 22:40:06][file:hashmap.c,function:print_hashtable,line:150] ------------------------HASH_TABLE__________________________
[2022-7-9 22:40:06][file:hashmap.c,function:print_hashtable,line:156] [1]  key=1  value=1,  stat=1
[2022-7-9 22:40:06][file:hashmap.c,function:print_hashtable,line:156] [2]  key=2  value=2,  stat=1
[2022-7-9 22:40:06][file:hashmap.c,function:print_hashtable,line:156] [34]  key=34  value=1,  stat=1
[2022-7-9 22:40:06][file:explode.c,function:main,line:42] [2022-7-9 22:40:06]
[2022-7-9 22:40:06][file:explode.c,function:main,line:43] cpu个数目:2
[2022-7-9 22:40:06][file:explode.c,function:main,line:44] 可用cpu个数:2
[2022-7-9 22:48:02][file:explode.c,function:main,line:21] size_t = 8
[2022-7-9 22:48:02][file:explode.c,function:main,line:22] uint64_t = 8
[2022-7-9 22:48:02][file:explode.c,function:main,line:23] uint16_t = 2
[2022-7-9 22:48:02][file:explode.c,function:main,line:24] uint8_t = 1
[2022-7-9 22:48:02][file:explode.c,function:main,line:25] uint32_t = 4
[2022-7-9 22:48:02][file:explode.c,function:main,line:26] int  = 4
[2022-7-9 22:48:02][file:explode.c,function:main,line:27] long = 8
[2022-7-9 22:48:02][file:explode.c,function:main,line:28] char = 1
[2022-7-9 22:48:02][file:explode.c,function:main,line:29] float = 4
[2022-7-9 22:48:02][file:explode.c,function:main,line:30] long long  = 8
[2022-7-9 22:48:02][file:list.c,function:print_list,line:38] list info:1	23	23	43	
[2022-7-9 22:48:02][file:sqlite.c,function:sqlite3_main,line:67] 
[2022-7-9 22:48:02][file:sqlite.c,function:sqlite3_main,line:67] 
[2022-7-9 22:48:02][file:sqlite.c,function:sqlite3_main,line:67] 
[2022-7-9 22:48:02][file:sqlite.c,function:get_table_cb,line:10] name:[version]:value[0.0.2]
[2022-7-9 22:48:02][file:sqlite.c,function:get_table_cb,line:10] name:[name]:value[expolde]
[2022-7-9 22:48:02][file:sqlite.c,function:get_table_cb,line:10] name:[time]:value[2022-06-26]
[2022-7-9 22:48:02][file:hashmap.c,function:hashmap_main,line:170] The hash size :3
[2022-7-9 22:48:02][file:hashmap.c,function:print_hashtable,line:150] ------------------------HASH_TABLE__________________________
[2022-7-9 22:48:02][file:hashmap.c,function:print_hashtable,line:156] [1]  key=1  value=1,  stat=1
[2022-7-9 22:48:02][file:hashmap.c,function:print_hashtable,line:156] [2]  key=2  value=2,  stat=1
[2022-7-9 22:48:02][file:hashmap.c,function:print_hashtable,line:156] [34]  key=34  value=1,  stat=1
[2022-7-9 22:48:02][file:explode.c,function:main,line:42] [2022-7-9 22:48:02]
[2022-7-9 22:48:02][file:explode.c,function:main,line:43] cpu个数目:2
[2022-7-9 22:48:02][file:explode.c,function:main,line:44] 可用cpu个数:2
[2022-7-9 22:50:10][file:explode.c,function:main,line:21] size_t = 8
[2022-7-9 22:50:10][file:explode.c,function:main,line:22] uint64_t = 8
[2022-7-9 22:50:10][file:explode.c,function:main,line:23] uint16_t = 2
[2022-7-9 22:50:10][file:explode.c,function:main,line:24] uint8_t = 1
[2022-7-9 22:50:10][file:explode.c,function:main,line:25] uint32_t = 4
[2022-7-9 22:50:10][file:explode.c,function:main,line:26] int  = 4
[2022-7-9 22:50:10][file:explode.c,function:main,line:27] long = 8
[2022-7-9 22:50:10][file:explode.c,function:main,line:28] char = 1
[2022-7-9 22:50:10][file:explode.c,function:main,line:29] float = 4
[2022-7-9 22:50:10][file:explode.c,function:main,line:30] long long  = 8
[2022-7-9 22:50:10][file:list.c,function:print_list,line:38] list info:1	23	23	43	
[2022-7-9 22:50:32][file:explode.c,function:main,line:21] size_t = 8
[2022-7-9 22:50:32][file:explode.c,function:main,line:22] uint64_t = 8
[2022-7-9 22:50:32][file:explode.c,function:main,line:23] uint16_t = 2
[2022-7-9 22:50:32][file:explode.c,function:main,line:24] uint8_t = 1
[2022-7-9 22:50:32][file:explode.c,function:main,line:25] uint32_t = 4
[2022-7-9 22:50:32][file:explode.c,function:main,line:26] int  = 4
[2022-7-9 22:50:32][file:explode.c,function:main,line:27] long = 8
[2022-7-9 22:50:32][file:explode.c,function:main,line:28] char = 1
[2022-7-9 22:50:32][file:explode.c,function:main,line:29] float = 4
[2022-7-9 22:50:32][file:explode.c,function:main,line:30] long long  = 8
[2022-7-9 22:50:32][file:list.c,function:print_list,line:38] list info:1	23	23	43	
[2022-7-9 22:50:32][file:sqlite.c,function:sqlite3_main,line:67] 
[2022-7-9 22:50:32][file:sqlite.c,function:sqlite3_main,line:67] 
[2022-7-9 22:50:32][file:sqlite.c,function:sqlite3_main,line:67] 
[2022-7-9 22:50:32][file:sqlite.c,function:get_table_cb,line:10] name:[version]:value[0.0.2]
[2022-7-9 22:50:32][file:sqlite.c,function:get_table_cb,line:10] name:[name]:value[expolde]
[2022-7-9 22:50:32][file:sqlite.c,function:get_table_cb,line:10] name:[time]:value[2022-06-26]
[2022-7-9 22:50:32][file:hashmap.c,function:hashmap_main,line:170] The hash size :3
[2022-7-9 22:50:32][file:hashmap.c,function:print_hashtable,line:150] ------------------------HASH_TABLE__________________________
[2022-7-9 22:50:32][file:hashmap.c,function:print_hashtable,line:156] [1]  key=1  value=1,  stat=1
[2022-7-9 22:50:32][file:hashmap.c,function:print_hashtable,line:156] [2]  key=2  value=2,  stat=1
[2022-7-9 22:50:32][file:hashmap.c,function:print_hashtable,line:156] [34]  key=34  value=1,  stat=1
[2022-7-9 22:50:32][file:explode.c,function:main,line:42] [2022-7-9 22:50:32]
[2022-7-9 22:50:32][file:explode.c,function:main,line:43] cpu个数目:2
[2022-7-9 22:50:32][file:explode.c,function:main,line:44] 可用cpu个数:2
[2022-7-9 23:03:52][file:explode.c,function:main,line:21] size_t = 8
[2022-7-9 23:03:52][file:explode.c,function:main,line:22] uint64_t = 8
[2022-7-9 23:03:52][file:explode.c,function:main,line:23] uint16_t = 2
[2022-7-9 23:03:52][file:explode.c,function:main,line:24] uint8_t = 1
[2022-7-9 23:03:52][file:explode.c,function:main,line:25] uint32_t = 4
[2022-7-9 23:03:52][file:explode.c,function:main,line:26] int  = 4
[2022-7-9 23:03:52][file:explode.c,function:main,line:27] long = 8
[2022-7-9 23:03:52][file:explode.c,function:main,line:28] char = 1
[2022-7-9 23:03:52][file:explode.c,function:main,line:29] float = 4
[2022-7-9 23:03:52][file:explode.c,function:main,line:30] long long  = 8
[2022-7-9 23:03:52][file:list.c,function:print_list,line:38] list info:1	23	23	43	
[2022-7-9 23:03:52][file:sqlite.c,function:sqlite3_main,line:67] 
[2022-7-9 23:03:52][file:sqlite.c,function:sqlite3_main,line:67] 
[2022-7-9 23:03:52][file:sqlite.c,function:sqlite3_main,line:67] 
[2022-7-9 23:03:52][file:sqlite.c,function:get_table_cb,line:10] name:[version]:value[0.0.2]
[2022-7-9 23:03:52][file:sqlite.c,function:get_table_cb,line:10] name:[name]:value[expolde]
[2022-7-9 23:03:52][file:sqlite.c,function:get_table_cb,line:10] name:[time]:value[2022-06-26]
[2022-7-9 23:03:52][file:hashmap.c,function:hashmap_main,line:170] The hash size :3
[2022-7-9 23:03:52][file:hashmap.c,function:print_hashtable,line:150] ------------------------HASH_TABLE__________________________
[2022-7-9 23:03:52][file:hashmap.c,function:print_hashtable,line:156] [1]  key=1  value=1,  stat=1
[2022-7-9 23:03:52][file:hashmap.c,function:print_hashtable,line:156] [2]  key=2  value=2,  stat=1
[2022-7-9 23:03:52][file:hashmap.c,function:print_hashtable,line:156] [34]  key=34  value=1,  stat=1
[2022-7-9 23:03:52][file:explode.c,function:main,line:42] [2022-7-9 23:03:52]
[2022-7-9 23:03:52][file:explode.c,function:main,line:43] cpu个数目:2
[2022-7-9 23:03:52][file:explode.c,function:main,line:44] 可用cpu个数:2
[2022-7-9 23:05:27][file:explode.c,function:main,line:21] size_t = 8
[2022-7-9 23:05:27][file:explode.c,function:main,line:22] uint64_t = 8
[2022-7-9 23:05:27][file:explode.c,function:main,line:23] uint16_t = 2
[2022-7-9 23:05:27][file:explode.c,function:main,line:24] uint8_t = 1
[2022-7-9 23:05:27][file:explode.c,function:main,line:25] uint32_t = 4
[2022-7-9 23:05:27][file:explode.c,function:main,line:26] int  = 4
[2022-7-9 23:05:27][file:explode.c,function:main,line:27] long = 8
[2022-7-9 23:05:27][file:explode.c,function:main,line:28] char = 1
[2022-7-9 23:05:27][file:explode.c,function:main,line:29] float = 4
[2022-7-9 23:05:27][file:explode.c,function:main,line:30] long long  = 8
[2022-7-9 23:05:27][file:list.c,function:print_list,line:38] list info:1	23	23	43	
[2022-7-9 23:05:27][file:sqlite.c,function:sqlite3_main,line:67] 
[2022-7-9 23:05:27][file:sqlite.c,function:sqlite3_main,line:67] 
[2022-7-9 23:05:27][file:sqlite.c,function:sqlite3_main,line:67] 
[2022-7-9 23:05:27][file:sqlite.c,function:get_table_cb,line:10] name:[version]:value[0.0.2]
[2022-7-9 23:05:27][file:sqlite.c,function:get_table_cb,line:10] name:[name]:value[expolde]
[2022-7-9 23:05:27][file:sqlite.c,function:get_table_cb,line:10] name:[time]:value[2022-06-26]
[2022-7-9 23:05:27][file:hashmap.c,function:hashmap_main,line:170] The hash size :3
[2022-7-9 23:05:27][file:hashmap.c,function:print_hashtable,line:150] ------------------------HASH_TABLE__________________________
[2022-7-9 23:05:27][file:hashmap.c,function:print_hashtable,line:156] [1]  key=1  value=1,  stat=1
[2022-7-9 23:05:27][file:hashmap.c,function:print_hashtable,line:156] [2]  key=2  value=2,  stat=1
[2022-7-9 23:05:27][file:hashmap.c,function:print_hashtable,line:156] [34]  key=34  value=1,  stat=1
[2022-7-9 23:05:27][file:explode.c,function:main,line:42] [2022-7-9 23:05:27]
[2022-7-9 23:05:27][file:explode.c,function:main,line:43] cpu个数目:2
[2022-7-9 23:05:27][file:explode.c,function:main,line:44] 可用cpu个数:2
[2022-7-9 23:05:27][file:explode.c,function:main,line:21] size_t = 8
[2022-7-9 23:05:27][file:explode.c,function:main,line:22] uint64_t = 8
[2022-7-9 23:05:27][file:explode.c,function:main,line:23] uint16_t = 2
[2022-7-9 23:05:27][file:explode.c,function:main,line:24] uint8_t = 1
[2022-7-9 23:05:27][file:explode.c,function:main,line:25] uint32_t = 4
[2022-7-9 23:05:27][file:explode.c,function:main,line:26] int  = 4
[2022-7-9 23:05:27][file:explode.c,function:main,line:27] long = 8
[2022-7-9 23:05:27][file:explode.c,function:main,line:28] char = 1
[2022-7-9 23:05:27][file:explode.c,function:main,line:29] float = 4
[2022-7-9 23:05:27][file:explode.c,function:main,line:30] long long  = 8
[2022-7-9 23:05:27][file:list.c,function:print_list,line:38] list info:1	23	23	43	
[2022-7-9 23:05:27][file:sqlite.c,function:sqlite3_main,line:67] 
[2022-7-9 23:05:27][file:sqlite.c,function:sqlite3_main,line:67] 
[2022-7-9 23:05:27][file:sqlite.c,function:sqlite3_main,line:67] 
[2022-7-9 23:05:27][file:sqlite.c,function:get_table_cb,line:10] name:[version]:value[0.0.2]
[2022-7-9 23:05:27][file:sqlite.c,function:get_table_cb,line:10] name:[name]:value[expolde]
[2022-7-9 23:05:27][file:sqlite.c,function:get_table_cb,line:10] name:[time]:value[2022-06-26]
[2022-7-9 23:05:27][file:hashmap.c,function:hashmap_main,line:170] The hash size :3
[2022-7-9 23:05:27][file:hashmap.c,function:print_hashtable,line:150] ------------------------HASH_TABLE__________________________
[2022-7-9 23:05:27][file:hashmap.c,function:print_hashtable,line:156] [1]  key=1  value=1,  stat=1
[2022-7-9 23:05:27][file:hashmap.c,function:print_hashtable,line:156] [2]  key=2  value=2,  stat=1
[2022-7-9 23:05:27][file:hashmap.c,function:print_hashtable,line:156] [34]  key=34  value=1,  stat=1
[2022-7-9 23:05:27][file:explode.c,function:main,line:42] [2022-7-9 23:05:27]
[2022-7-9 23:05:27][file:explode.c,function:main,line:43] cpu个数目:2
[2022-7-9 23:05:27][file:explode.c,function:main,line:44] 可用cpu个数:2
[2022-7-9 23:05:27][file:explode.c,function:main,line:21] size_t = 8
[2022-7-9 23:05:27][file:explode.c,function:main,line:22] uint64_t = 8
[2022-7-9 23:05:27][file:explode.c,function:main,line:23] uint16_t = 2
[2022-7-9 23:05:27][file:explode.c,function:main,line:24] uint8_t = 1
[2022-7-9 23:05:27][file:explode.c,function:main,line:25] uint32_t = 4
[2022-7-9 23:05:27][file:explode.c,function:main,line:26] int  = 4
[2022-7-9 23:05:27][file:explode.c,function:main,line:27] long = 8
[2022-7-9 23:05:27][file:explode.c,function:main,line:28] char = 1
[2022-7-9 23:05:27][file:explode.c,function:main,line:29] float = 4
[2022-7-9 23:05:27][file:explode.c,function:main,line:30] long long  = 8
[2022-7-9 23:05:27][file:list.c,function:print_list,line:38] list info:1	23	23	43	
[2022-7-9 23:05:27][file:sqlite.c,function:sqlite3_main,line:67] 
[2022-7-9 23:05:27][file:sqlite.c,function:sqlite3_main,line:67] 
[2022-7-9 23:05:27][file:sqlite.c,function:sqlite3_main,line:67] 
[2022-7-9 23:05:27][file:sqlite.c,function:get_table_cb,line:10] name:[version]:value[0.0.2]
[2022-7-9 23:05:27][file:sqlite.c,function:get_table_cb,line:10] name:[name]:value[expolde]
[2022-7-9 23:05:27][file:sqlite.c,function:get_table_cb,line:10] name:[time]:value[2022-06-26]
[2022-7-9 23:05:27][file:hashmap.c,function:hashmap_main,line:170] The hash size :3
[2022-7-9 23:05:27][file:hashmap.c,function:print_hashtable,line:150] ------------------------HASH_TABLE__________________________
[2022-7-9 23:05:27][file:hashmap.c,function:print_hashtable,line:156] [1]  key=1  value=1,  stat=1
[2022-7-9 23:05:27][file:hashmap.c,function:print_hashtable,line:156] [2]  key=2  value=2,  stat=1
[2022-7-9 23:05:27][file:hashmap.c,function:print_hashtable,line:156] [34]  key=34  value=1,  stat=1
[2022-7-9 23:05:27][file:explode.c,function:main,line:42] [2022-7-9 23:05:27]
[2022-7-9 23:05:27][file:explode.c,function:main,line:43] cpu个数目:2
[2022-7-9 23:05:27][file:explode.c,function:main,line:44] 可用cpu个数:2
[2022-7-9 23:05:27][file:explode.c,function:main,line:21] size_t = 8
[2022-7-9 23:05:27][file:explode.c,function:main,line:22] uint64_t = 8
[2022-7-9 23:05:27][file:explode.c,function:main,line:23] uint16_t = 2
[2022-7-9 23:05:27][file:explode.c,function:main,line:24] uint8_t = 1
[2022-7-9 23:05:27][file:explode.c,function:main,line:25] uint32_t = 4
[2022-7-9 23:05:27][file:explode.c,function:main,line:26] int  = 4
[2022-7-9 23:05:27][file:explode.c,function:main,line:27] long = 8
[2022-7-9 23:05:27][file:explode.c,function:main,line:28] char = 1
[2022-7-9 23:05:27][file:explode.c,function:main,line:29] float = 4
[2022-7-9 23:05:27][file:explode.c,function:main,line:30] long long  = 8
[2022-7-9 23:05:27][file:list.c,function:print_list,line:38] list info:1	23	23	43	
[2022-7-9 23:05:27][file:sqlite.c,function:sqlite3_main,line:67] 
[2022-7-9 23:05:27][file:sqlite.c,function:sqlite3_main,line:67] 
[2022-7-9 23:05:27][file:sqlite.c,function:sqlite3_main,line:67] 
[2022-7-9 23:05:27][file:sqlite.c,function:get_table_cb,line:10] name:[version]:value[0.0.2]
[2022-7-9 23:05:27][file:sqlite.c,function:get_table_cb,line:10] name:[name]:value[expolde]
[2022-7-9 23:05:27][file:sqlite.c,function:get_table_cb,line:10] name:[time]:value[2022-06-26]
[2022-7-9 23:05:27][file:hashmap.c,function:hashmap_main,line:170] The hash size :3
[2022-7-9 23:05:27][file:hashmap.c,function:print_hashtable,line:150] ------------------------HASH_TABLE__________________________
[2022-7-9 23:05:27][file:hashmap.c,function:print_hashtable,line:156] [1]  key=1  value=1,  stat=1
[2022-7-9 23:05:27][file:hashmap.c,function:print_hashtable,line:156] [2]  key=2  value=2,  stat=1
[2022-7-9 23:05:27][file:hashmap.c,function:print_hashtable,line:156] [34]  key=34  value=1,  stat=1
[2022-7-9 23:05:27][file:explode.c,function:main,line:42] [2022-7-9 23:05:27]
[2022-7-9 23:05:27][file:explode.c,function:main,line:43] cpu个数目:2
[2022-7-9 23:05:27][file:explode.c,function:main,line:44] 可用cpu个数:2
[2022-7-9 23:31:45][file:explode.c,function:main,line:21] size_t = 8
[2022-7-9 23:31:45][file:explode.c,function:main,line:22] uint64_t = 8
[2022-7-9 23:31:45][file:explode.c,function:main,line:23] uint16_t = 2
[2022-7-9 23:31:45][file:explode.c,function:main,line:24] uint8_t = 1
[2022-7-9 23:31:45][file:explode.c,function:main,line:25] uint32_t = 4
[2022-7-9 23:31:45][file:explode.c,function:main,line:26] int  = 4
[2022-7-9 23:31:45][file:explode.c,function:main,line:27] long = 8
[2022-7-9 23:31:45][file:explode.c,function:main,line:28] char = 1
[2022-7-9 23:31:45][file:explode.c,function:main,line:29] float = 4
[2022-7-9 23:31:45][file:explode.c,function:main,line:30] long long  = 8
[2022-7-9 23:31:45][file:list.c,function:print_list,line:38] list info:1	23	23	43	
[2022-7-9 23:31:45][file:sqlite.c,function:sqlite3_main,line:67] 
[2022-7-9 23:31:45][file:sqlite.c,function:sqlite3_main,line:67] 
[2022-7-9 23:31:45][file:sqlite.c,function:sqlite3_main,line:67] 
[2022-7-9 23:31:45][file:sqlite.c,function:get_table_cb,line:10] name:[version]:value[0.0.2]
[2022-7-9 23:31:45][file:sqlite.c,function:get_table_cb,line:10] name:[name]:value[expolde]
[2022-7-9 23:31:45][file:sqlite.c,function:get_table_cb,line:10] name:[time]:value[2022-06-26]
[2022-7-9 23:31:45][file:hashmap.c,function:hashmap_main,line:170] The hash size :3
[2022-7-9 23:31:45][file:hashmap.c,function:print_hashtable,line:150] ------------------------HASH_TABLE__________________________
[2022-7-9 23:31:45][file:hashmap.c,function:print_hashtable,line:156] [1]  key=1  value=1,  stat=1
[2022-7-9 23:31:45][file:hashmap.c,function:print_hashtable,line:156] [2]  key=2  value=2,  stat=1
[2022-7-9 23:31:45][file:hashmap.c,function:print_hashtable,line:156] [34]  key=34  value=1,  stat=1
[2022-7-9 23:31:45][file:explode.c,function:main,line:42] [2022-7-9 23:31:45]
[2022-7-9 23:31:45][file:explode.c,function:main,line:43] cpu个数目:2
[2022-7-9 23:31:45][file:explode.c,function:main,line:44] 可用cpu个数:2
[2022-7-9 23:32:18][file:explode.c,function:main,line:21] size_t = 8
[2022-7-9 23:32:18][file:explode.c,function:main,line:22] uint64_t = 8
[2022-7-9 23:32:18][file:explode.c,function:main,line:23] uint16_t = 2
[2022-7-9 23:32:18][file:explode.c,function:main,line:24] uint8_t = 1
[2022-7-9 23:32:18][file:explode.c,function:main,line:25] uint32_t = 4
[2022-7-9 23:32:18][file:explode.c,function:main,line:26] int  = 4
[2022-7-9 23:32:18][file:explode.c,function:main,line:27] long = 8
[2022-7-9 23:32:18][file:explode.c,function:main,line:28] char = 1
[2022-7-9 23:32:18][file:explode.c,function:main,line:29] float = 4
[2022-7-9 23:32:18][file:explode.c,function:main,line:30] long long  = 8
[2022-7-9 23:32:19][file:list.c,function:print_list,line:38] list info:1	23	23	43	
[2022-7-9 23:32:19][file:sqlite.c,function:sqlite3_main,line:67] 
[2022-7-9 23:32:19][file:sqlite.c,function:sqlite3_main,line:67] 
[2022-7-9 23:32:19][file:sqlite.c,function:sqlite3_main,line:67] 
[2022-7-9 23:32:19][file:sqlite.c,function:get_table_cb,line:10] name:[version]:value[0.0.2]
[2022-7-9 23:32:19][file:sqlite.c,function:get_table_cb,line:10] name:[name]:value[expolde]
[2022-7-9 23:32:19][file:sqlite.c,function:get_table_cb,line:10] name:[time]:value[2022-06-26]
[2022-7-9 23:32:19][file:hashmap.c,function:hashmap_main,line:170] The hash size :3
[2022-7-9 23:32:19][file:hashmap.c,function:print_hashtable,line:150] ------------------------HASH_TABLE__________________________
[2022-7-9 23:32:19][file:hashmap.c,function:print_hashtable,line:156] [1]  key=1  value=1,  stat=1
[2022-7-9 23:32:19][file:hashmap.c,function:print_hashtable,line:156] [2]  key=2  value=2,  stat=1
[2022-7-9 23:32:19][file:hashmap.c,function:print_hashtable,line:156] [34]  key=34  value=1,  stat=1
[2022-7-9 23:32:18][file:explode.c,function:main,line:42] [2022-7-9 23:32:18]
[2022-7-9 23:32:18][file:explode.c,function:main,line:43] cpu个数目:2
[2022-7-9 23:32:18][file:explode.c,function:main,line:44] 可用cpu个数:2
[2022-7-9 23:33:19][file:explode.c,function:main,line:21] size_t = 8
[2022-7-9 23:33:19][file:explode.c,function:main,line:22] uint64_t = 8
[2022-7-9 23:33:19][file:explode.c,function:main,line:23] uint16_t = 2
[2022-7-9 23:33:19][file:explode.c,function:main,line:24] uint8_t = 1
[2022-7-9 23:33:19][file:explode.c,function:main,line:25] uint32_t = 4
[2022-7-9 23:33:19][file:explode.c,function:main,line:26] int  = 4
[2022-7-9 23:33:19][file:explode.c,function:main,line:27] long = 8
[2022-7-9 23:33:19][file:explode.c,function:main,line:28] char = 1
[2022-7-9 23:33:19][file:explode.c,function:main,line:29] float = 4
[2022-7-9 23:33:19][file:explode.c,function:main,line:30] long long  = 8
[2022-7-9 23:33:19][file:list.c,function:print_list,line:38] list info:1	23	23	43	
[2022-7-9 23:33:19][file:sqlite.c,function:sqlite3_main,line:67] 
[2022-7-9 23:33:19][file:sqlite.c,function:sqlite3_main,line:67] 
[2022-7-9 23:33:19][file:sqlite.c,function:sqlite3_main,line:67] 
[2022-7-9 23:33:19][file:sqlite.c,function:get_table_cb,line:10] name:[version]:value[0.0.2]
[2022-7-9 23:33:19][file:sqlite.c,function:get_table_cb,line:10] name:[name]:value[expolde]
[2022-7-9 23:33:19][file:sqlite.c,function:get_table_cb,line:10] name:[time]:value[2022-06-26]
[2022-7-9 23:33:19][file:hashmap.c,function:hashmap_main,line:170] The hash size :3
[2022-7-9 23:33:19][file:hashmap.c,function:print_hashtable,line:150] ------------------------HASH_TABLE__________________________
[2022-7-9 23:33:19][file:hashmap.c,function:print_hashtable,line:156] [1]  key=1  value=1,  stat=1
[2022-7-9 23:33:19][file:hashmap.c,function:print_hashtable,line:156] [2]  key=2  value=2,  stat=1
[2022-7-9 23:33:19][file:hashmap.c,function:print_hashtable,line:156] [34]  key=34  value=1,  stat=1
[2022-7-9 23:33:19][file:explode.c,function:main,line:42] [2022-7-9 23:33:19]
[2022-7-9 23:33:19][file:explode.c,function:main,line:43] cpu个数目:2
[2022-7-9 23:33:19][file:explode.c,function:main,line:44] 可用cpu个数:2
[2022-7-9 23:37:47][file:explode.c,function:main,line:21] size_t = 8
[2022-7-9 23:37:47][file:explode.c,function:main,line:22] uint64_t = 8
[2022-7-9 23:37:47][file:explode.c,function:main,line:23] uint16_t = 2
[2022-7-9 23:37:47][file:explode.c,function:main,line:24] uint8_t = 1
[2022-7-9 23:37:47][file:explode.c,function:main,line:25] uint32_t = 4
[2022-7-9 23:37:47][file:explode.c,function:main,line:26] int  = 4
[2022-7-9 23:37:47][file:explode.c,function:main,line:27] long = 8
[2022-7-9 23:37:47][file:explode.c,function:main,line:28] char = 1
[2022-7-9 23:37:47][file:explode.c,function:main,line:29] float = 4
[2022-7-9 23:37:47][file:explode.c,function:main,line:30] long long  = 8
[2022-7-9 23:37:47][file:list.c,function:print_list,line:38] list info:1	23	23	43	
[2022-7-9 23:37:47][file:sqlite.c,function:sqlite3_main,line:67] 
[2022-7-9 23:37:47][file:sqlite.c,function:sqlite3_main,line:67] 
[2022-7-9 23:37:47][file:sqlite.c,function:sqlite3_main,line:67] 
[2022-7-9 23:37:47][file:sqlite.c,function:get_table_cb,line:10] name:[version]:value[0.0.2]
[2022-7-9 23:37:47][file:sqlite.c,function:get_table_cb,line:10] name:[name]:value[expolde]
[2022-7-9 23:37:47][file:sqlite.c,function:get_table_cb,line:10] name:[time]:value[2022-06-26]
[2022-7-9 23:37:47][file:hashmap.c,function:hashmap_main,line:170] The hash size :3
[2022-7-9 23:37:47][file:hashmap.c,function:print_hashtable,line:150] ------------------------HASH_TABLE__________________________
[2022-7-9 23:37:47][file:hashmap.c,function:print_hashtable,line:156] [1]  key=1  value=1,  stat=1
[2022-7-9 23:37:47][file:hashmap.c,function:print_hashtable,line:156] [2]  key=2  value=2,  stat=1
[2022-7-9 23:37:47][file:hashmap.c,function:print_hashtable,line:156] [34]  key=34  value=1,  stat=1
[2022-7-9 23:37:47][file:explode.c,function:main,line:42] [2022-7-9 23:37:47]
[2022-7-9 23:37:47][file:explode.c,function:main,line:43] cpu个数目:2
[2022-7-9 23:37:47][file:explode.c,function:main,line:44] 可用cpu个数:2
[2022-7-9 23:38:53][file:explode.c,function:main,line:21] size_t = 8
[2022-7-9 23:38:53][file:explode.c,function:main,line:22] uint64_t = 8
[2022-7-9 23:38:53][file:explode.c,function:main,line:23] uint16_t = 2
[2022-7-9 23:38:53][file:explode.c,function:main,line:24] uint8_t = 1
[2022-7-9 23:38:53][file:explode.c,function:main,line:25] uint32_t = 4
[2022-7-9 23:38:53][file:explode.c,function:main,line:26] int  = 4
[2022-7-9 23:38:53][file:explode.c,function:main,line:27] long = 8
[2022-7-9 23:38:53][file:explode.c,function:main,line:28] char = 1
[2022-7-9 23:38:53][file:explode.c,function:main,line:29] float = 4
[2022-7-9 23:38:53][file:explode.c,function:main,line:30] long long  = 8
[2022-7-9 23:38:53][file:list.c,function:print_list,line:38] list info:1	23	23	43	
[2022-7-9 23:38:53][file:sqlite.c,function:sqlite3_main,line:67] 
[2022-7-9 23:38:53][file:sqlite.c,function:sqlite3_main,line:67] 
[2022-7-9 23:38:53][file:sqlite.c,function:sqlite3_main,line:67] 
[2022-7-9 23:38:53][file:sqlite.c,function:get_table_cb,line:10] name:[version]:value[0.0.2]
[2022-7-9 23:38:53][file:sqlite.c,function:get_table_cb,line:10] name:[name]:value[expolde]
[2022-7-9 23:38:53][file:sqlite.c,function:get_table_cb,line:10] name:[time]:value[2022-06-26]
[2022-7-9 23:38:53][file:hashmap.c,function:hashmap_main,line:170] The hash size :3
[2022-7-9 23:38:53][file:hashmap.c,function:print_hashtable,line:150] ------------------------HASH_TABLE__________________________
[2022-7-9 23:38:53][file:hashmap.c,function:print_hashtable,line:156] [1]  key=1  value=1,  stat=1
[2022-7-9 23:38:53][file:hashmap.c,function:print_hashtable,line:156] [2]  key=2  value=2,  stat=1
[2022-7-9 23:38:53][file:hashmap.c,function:print_hashtable,line:156] [34]  key=34  value=1,  stat=1
[2022-7-9 23:38:53][file:explode.c,function:main,line:42] [2022-7-9 23:38:53]
[2022-7-9 23:38:53][file:explode.c,function:main,line:43] cpu个数目:2
[2022-7-9 23:38:53][file:explode.c,function:main,line:44] 可用cpu个数:2
[2022-7-9 23:40:32][file:explode.c,function:main,line:21] size_t = 8
[2022-7-9 23:40:32][file:explode.c,function:main,line:22] uint64_t = 8
[2022-7-9 23:40:32][file:explode.c,function:main,line:23] uint16_t = 2
[2022-7-9 23:40:32][file:explode.c,function:main,line:24] uint8_t = 1
[2022-7-9 23:40:32][file:explode.c,function:main,line:25] uint32_t = 4
[2022-7-9 23:40:32][file:explode.c,function:main,line:26] int  = 4
[2022-7-9 23:40:32][file:explode.c,function:main,line:27] long = 8
[2022-7-9 23:40:32][file:explode.c,function:main,line:28] char = 1
[2022-7-9 23:40:32][file:explode.c,function:main,line:29] float = 4
[2022-7-9 23:40:32][file:explode.c,function:main,line:30] long long  = 8
[2022-7-9 23:40:32][file:list.c,function:print_list,line:38] list info:1	23	23	43	
[2022-7-9 23:40:32][file:sqlite.c,function:sqlite3_main,line:67] 
[2022-7-9 23:40:32][file:sqlite.c,function:sqlite3_main,line:67] 
[2022-7-9 23:40:32][file:sqlite.c,function:sqlite3_main,line:67] 
[2022-7-9 23:40:32][file:sqlite.c,function:get_table_cb,line:10] name:[version]:value[0.0.2]
[2022-7-9 23:40:32][file:sqlite.c,function:get_table_cb,line:10] name:[name]:value[expolde]
[2022-7-9 23:40:32][file:sqlite.c,function:get_table_cb,line:10] name:[time]:value[2022-06-26]
[2022-7-9 23:40:32][file:hashmap.c,function:hashmap_main,line:170] The hash size :3
[2022-7-9 23:40:32][file:hashmap.c,function:print_hashtable,line:150] ------------------------HASH_TABLE__________________________
[2022-7-9 23:40:32][file:hashmap.c,function:print_hashtable,line:156] [1]  key=1  value=1,  stat=1
[2022-7-9 23:40:32][file:hashmap.c,function:print_hashtable,line:156] [2]  key=2  value=2,  stat=1
[2022-7-9 23:40:32][file:hashmap.c,function:print_hashtable,line:156] [34]  key=34  value=1,  stat=1
[2022-7-9 23:40:32][file:explode.c,function:main,line:42] [2022-7-9 23:40:32]
[2022-7-9 23:40:32][file:explode.c,function:main,line:43] cpu个数目:2
[2022-7-9 23:40:32][file:explode.c,function:main,line:44] 可用cpu个数:2
[2022-7-9 23:41:20][file:explode.c,function:main,line:21] size_t = 8
[2022-7-9 23:41:20][file:explode.c,function:main,line:22] uint64_t = 8
[2022-7-9 23:41:20][file:explode.c,function:main,line:23] uint16_t = 2
[2022-7-9 23:41:20][file:explode.c,function:main,line:24] uint8_t = 1
[2022-7-9 23:41:20][file:explode.c,function:main,line:25] uint32_t = 4
[2022-7-9 23:41:20][file:explode.c,function:main,line:26] int  = 4
[2022-7-9 23:41:20][file:explode.c,function:main,line:27] long = 8
[2022-7-9 23:41:20][file:explode.c,function:main,line:28] char = 1
[2022-7-9 23:41:20][file:explode.c,function:main,line:29] float = 4
[2022-7-9 23:41:20][file:explode.c,function:main,line:30] long long  = 8
[2022-7-9 23:41:20][file:list.c,function:print_list,line:38] list info:1	23	23	43	
[2022-7-9 23:41:29][file:explode.c,function:main,line:21] size_t = 8
[2022-7-9 23:41:29][file:explode.c,function:main,line:22] uint64_t = 8
[2022-7-9 23:41:29][file:explode.c,function:main,line:23] uint16_t = 2
[2022-7-9 23:41:29][file:explode.c,function:main,line:24] uint8_t = 1
[2022-7-9 23:41:29][file:explode.c,function:main,line:25] uint32_t = 4
[2022-7-9 23:41:29][file:explode.c,function:main,line:26] int  = 4
[2022-7-9 23:41:29][file:explode.c,function:main,line:27] long = 8
[2022-7-9 23:41:29][file:explode.c,function:main,line:28] char = 1
[2022-7-9 23:41:29][file:explode.c,function:main,line:29] float = 4
[2022-7-9 23:41:29][file:explode.c,function:main,line:30] long long  = 8
[2022-7-9 23:41:29][file:list.c,function:print_list,line:38] list info:1	23	23	43	
[2022-7-9 23:41:29][file:sqlite.c,function:sqlite3_main,line:67] 
[2022-7-9 23:41:29][file:sqlite.c,function:sqlite3_main,line:67] 
[2022-7-9 23:41:29][file:sqlite.c,function:sqlite3_main,line:67] 
[2022-7-9 23:41:29][file:sqlite.c,function:get_table_cb,line:10] name:[version]:value[0.0.2]
[2022-7-9 23:41:29][file:sqlite.c,function:get_table_cb,line:10] name:[name]:value[expolde]
[2022-7-9 23:41:29][file:sqlite.c,function:get_table_cb,line:10] name:[time]:value[2022-06-26]
[2022-7-9 23:41:29][file:hashmap.c,function:hashmap_main,line:170] The hash size :3
[2022-7-9 23:41:29][file:hashmap.c,function:print_hashtable,line:150] ------------------------HASH_TABLE__________________________
[2022-7-9 23:41:29][file:hashmap.c,function:print_hashtable,line:156] [1]  key=1  value=1,  stat=1
[2022-7-9 23:41:29][file:hashmap.c,function:print_hashtable,line:156] [2]  key=2  value=2,  stat=1
[2022-7-9 23:41:29][file:hashmap.c,function:print_hashtable,line:156] [34]  key=34  value=1,  stat=1
[2022-7-9 23:41:29][file:explode.c,function:main,line:42] [2022-7-9 23:41:29]
[2022-7-9 23:41:29][file:explode.c,function:main,line:43] cpu个数目:2
[2022-7-9 23:41:29][file:explode.c,function:main,line:44] 可用cpu个数:2
[2022-7-9 23:44:20][file:explode.c,function:main,line:21] size_t = 8
[2022-7-9 23:44:20][file:explode.c,function:main,line:22] uint64_t = 8
[2022-7-9 23:44:20][file:explode.c,function:main,line:23] uint16_t = 2
[2022-7-9 23:44:20][file:explode.c,function:main,line:24] uint8_t = 1
[2022-7-9 23:44:20][file:explode.c,function:main,line:25] uint32_t = 4
[2022-7-9 23:44:20][file:explode.c,function:main,line:26] int  = 4
[2022-7-9 23:44:20][file:explode.c,function:main,line:27] long = 8
[2022-7-9 23:44:20][file:explode.c,function:main,line:28] char = 1
[2022-7-9 23:44:20][file:explode.c,function:main,line:29] float = 4
[2022-7-9 23:44:20][file:explode.c,function:main,line:30] long long  = 8
[2022-7-9 23:44:20][file:list.c,function:print_list,line:38] list info:1	23	23	43	
[2022-7-9 23:44:20][file:sqlite.c,function:sqlite3_main,line:67] 
[2022-7-9 23:44:20][file:sqlite.c,function:sqlite3_main,line:67] 
[2022-7-9 23:44:20][file:sqlite.c,function:sqlite3_main,line:67] 
[2022-7-9 23:44:20][file:sqlite.c,function:get_table_cb,line:10] name:[version]:value[0.0.2]
[2022-7-9 23:44:20][file:sqlite.c,function:get_table_cb,line:10] name:[name]:value[expolde]
[2022-7-9 23:44:20][file:sqlite.c,function:get_table_cb,line:10] name:[time]:value[2022-06-26]
[2022-7-9 23:44:20][file:hashmap.c,function:hashmap_main,line:170] The hash size :3
[2022-7-9 23:44:20][file:hashmap.c,function:print_hashtable,line:150] ------------------------HASH_TABLE__________________________
[2022-7-9 23:44:20][file:hashmap.c,function:print_hashtable,line:156] [1]  key=1  value=1,  stat=1
[2022-7-9 23:44:20][file:hashmap.c,function:print_hashtable,line:156] [2]  key=2  value=2,  stat=1
[2022-7-9 23:44:20][file:hashmap.c,function:print_hashtable,line:156] [34]  key=34  value=1,  stat=1
[2022-7-9 23:44:20][file:explode.c,function:main,line:42] [2022-7-9 23:44:20]
[2022-7-9 23:44:20][file:explode.c,function:main,line:43] cpu个数目:2
[2022-7-9 23:44:20][file:explode.c,function:main,line:44] 可用cpu个数:2
[2022-7-9 23:44:39][file:explode.c,function:main,line:21] size_t = 8
[2022-7-9 23:44:39][file:explode.c,function:main,line:22] uint64_t = 8
[2022-7-9 23:44:39][file:explode.c,function:main,line:23] uint16_t = 2
[2022-7-9 23:44:39][file:explode.c,function:main,line:24] uint8_t = 1
[2022-7-9 23:44:39][file:explode.c,function:main,line:25] uint32_t = 4
[2022-7-9 23:44:39][file:explode.c,function:main,line:26] int  = 4
[2022-7-9 23:44:39][file:explode.c,function:main,line:27] long = 8
[2022-7-9 23:44:39][file:explode.c,function:main,line:28] char = 1
[2022-7-9 23:44:39][file:explode.c,function:main,line:29] float = 4
[2022-7-9 23:44:39][file:explode.c,function:main,line:30] long long  = 8
[2022-7-9 23:44:39][file:list.c,function:print_list,line:38] list info:1	23	23	43	
[2022-7-9 23:44:39][file:sqlite.c,function:sqlite3_main,line:67] 
[2022-7-9 23:44:39][file:sqlite.c,function:sqlite3_main,line:67] 
[2022-7-9 23:44:39][file:sqlite.c,function:sqlite3_main,line:67] 
[2022-7-9 23:44:39][file:sqlite.c,function:get_table_cb,line:10] name:[version]:value[0.0.2]
[2022-7-9 23:44:39][file:sqlite.c,function:get_table_cb,line:10] name:[name]:value[expolde]
[2022-7-9 23:44:39][file:sqlite.c,function:get_table_cb,line:10] name:[time]:value[2022-06-26]
[2022-7-9 23:44:39][file:hashmap.c,function:hashmap_main,line:170] The hash size :3
[2022-7-9 23:44:39][file:hashmap.c,function:print_hashtable,line:150] ------------------------HASH_TABLE__________________________
[2022-7-9 23:44:39][file:hashmap.c,function:print_hashtable,line:156] [1]  key=1  value=1,  stat=1
[2022-7-9 23:44:39][file:hashmap.c,function:print_hashtable,line:156] [2]  key=2  value=2,  stat=1
[2022-7-9 23:44:39][file:hashmap.c,function:print_hashtable,line:156] [34]  key=34  value=1,  stat=1
[2022-7-9 23:44:39][file:explode.c,function:main,line:42] [2022-7-9 23:44:39]
[2022-7-9 23:44:39][file:explode.c,function:main,line:43] cpu个数目:2
[2022-7-9 23:44:39][file:explode.c,function:main,line:44] 可用cpu个数:2
[2022-7-9 23:47:16][file:explode.c,function:main,line:21] size_t = 8
[2022-7-9 23:47:16][file:explode.c,function:main,line:22] uint64_t = 8
[2022-7-9 23:47:16][file:explode.c,function:main,line:23] uint16_t = 2
[2022-7-9 23:47:16][file:explode.c,function:main,line:24] uint8_t = 1
[2022-7-9 23:47:16][file:explode.c,function:main,line:25] uint32_t = 4
[2022-7-9 23:47:16][file:explode.c,function:main,line:26] int  = 4
[2022-7-9 23:47:16][file:explode.c,function:main,line:27] long = 8
[2022-7-9 23:47:16][file:explode.c,function:main,line:28] char = 1
[2022-7-9 23:47:16][file:explode.c,function:main,line:29] float = 4
[2022-7-9 23:47:16][file:explode.c,function:main,line:30] long long  = 8
[2022-7-9 23:47:16][file:list.c,function:print_list,line:38] list info:1	23	23	43	
[2022-7-9 23:47:16][file:sqlite.c,function:sqlite3_main,line:67] 
[2022-7-9 23:47:16][file:sqlite.c,function:sqlite3_main,line:67] 
[2022-7-9 23:47:16][file:sqlite.c,function:sqlite3_main,line:67] 
[2022-7-9 23:47:16][file:sqlite.c,function:get_table_cb,line:10] name:[version]:value[0.0.2]
[2022-7-9 23:47:16][file:sqlite.c,function:get_table_cb,line:10] name:[name]:value[expolde]
[2022-7-9 23:47:16][file:sqlite.c,function:get_table_cb,line:10] name:[time]:value[2022-06-26]
[2022-7-9 23:47:16][file:hashmap.c,function:hashmap_main,line:170] The hash size :3
[2022-7-9 23:47:16][file:hashmap.c,function:print_hashtable,line:150] ------------------------HASH_TABLE__________________________
[2022-7-9 23:47:16][file:hashmap.c,function:print_hashtable,line:156] [1]  key=1  value=1,  stat=1
[2022-7-9 23:47:16][file:hashmap.c,function:print_hashtable,line:156] [2]  key=2  value=2,  stat=1
[2022-7-9 23:47:16][file:hashmap.c,function:print_hashtable,line:156] [34]  key=34  value=1,  stat=1
[2022-7-9 23:47:16][file:explode.c,function:main,line:42] [2022-7-9 23:47:16]
[2022-7-9 23:47:16][file:explode.c,function:main,line:43] cpu个数目:2
[2022-7-9 23:47:16][file:explode.c,function:main,line:44] 可用cpu个数:2
[2022-7-9 00:00:25][file:explode.c,function:main,line:21] size_t = 8
[2022-7-9 00:00:25][file:explode.c,function:main,line:22] uint64_t = 8
[2022-7-9 00:00:25][file:explode.c,function:main,line:23] uint16_t = 2
[2022-7-9 00:00:25][file:explode.c,function:main,line:24] uint8_t = 1
[2022-7-9 00:00:25][file:explode.c,function:main,line:25] uint32_t = 4
[2022-7-9 00:00:25][file:explode.c,function:main,line:26] int  = 4
[2022-7-9 00:00:25][file:explode.c,function:main,line:27] long = 8
[2022-7-9 00:00:25][file:explode.c,function:main,line:28] char = 1
[2022-7-9 00:00:25][file:explode.c,function:main,line:29] float = 4
[2022-7-9 00:00:25][file:explode.c,function:main,line:30] long long  = 8
[2022-7-9 00:00:25][file:list.c,function:print_list,line:38] list info:1	23	23	43	
[2022-7-9 00:00:25][file:sqlite.c,function:sqlite3_main,line:67] 
[2022-7-9 00:00:25][file:sqlite.c,function:sqlite3_main,line:67] 
[2022-7-9 00:00:25][file:sqlite.c,function:sqlite3_main,line:67] 
[2022-7-9 00:00:25][file:sqlite.c,function:get_table_cb,line:10] name:[version]:value[0.0.2]
[2022-7-9 00:00:25][file:sqlite.c,function:get_table_cb,line:10] name:[name]:value[expolde]
[2022-7-9 00:00:25][file:sqlite.c,function:get_table_cb,line:10] name:[time]:value[2022-06-26]
[2022-7-9 00:00:25][file:hashmap.c,function:hashmap_main,line:170] The hash size :3
[2022-7-9 00:00:25][file:hashmap.c,function:print_hashtable,line:150] ------------------------HASH_TABLE__________________________
[2022-7-9 00:00:25][file:hashmap.c,function:print_hashtable,line:156] [1]  key=1  value=1,  stat=1
[2022-7-9 00:00:25][file:hashmap.c,function:print_hashtable,line:156] [2]  key=2  value=2,  stat=1
[2022-7-9 00:00:25][file:hashmap.c,function:print_hashtable,line:156] [34]  key=34  value=1,  stat=1
[2022-7-9 00:00:25][file:explode.c,function:main,line:42] [2022-7-9 00:00:25]
[2022-7-9 00:00:25][file:explode.c,function:main,line:43] cpu个数目:2
[2022-7-9 00:00:25][file:explode.c,function:main,line:44] 可用cpu个数:2
